[ 2018-03-27T11:20:56+08:00 ] 127.0.0.1 /tp3/
INFO: [ app_init ] --START--
INFO: Run Behavior\BuildLiteBehavior [ RunTime:0.000028s ]
INFO: [ app_init ] --END-- [ RunTime:0.010953s ]

[ 2018-03-27T11:21:13+08:00 ] 127.0.0.1 /tp3/?
INFO: [ app_init ] --START--
INFO: Run Behavior\BuildLiteBehavior [ RunTime:0.000023s ]
INFO: [ app_init ] --END-- [ RunTime:0.000377s ]

[ 2018-03-27T11:22:14+08:00 ] ::1 /tp3/?
INFO: [ app_init ] --START--
INFO: Run Behavior\BuildLiteBehavior [ RunTime:0.000041s ]
INFO: [ app_init ] --END-- [ RunTime:0.000797s ]

[ 2018-03-27T11:22:47+08:00 ] ::1 /tp3/?
INFO: [ app_init ] --START--
INFO: Run Behavior\BuildLiteBehavior [ RunTime:0.000021s ]
INFO: [ app_init ] --END-- [ RunTime:0.000377s ]

[ 2018-03-27T11:23:40+08:00 ] ::1 /tp3/?
INFO: [ app_init ] --START--
INFO: Run Behavior\BuildLiteBehavior [ RunTime:0.000031s ]
INFO: [ app_init ] --END-- [ RunTime:0.000738s ]

[ 2018-03-27T11:23:47+08:00 ] ::1 /tp3/?
INFO: [ app_init ] --START--
INFO: Run Behavior\BuildLiteBehavior [ RunTime:0.000034s ]
INFO: [ app_init ] --END-- [ RunTime:0.000535s ]

[ 2018-03-27T11:23:50+08:00 ] ::1 /tp3/
INFO: [ app_init ] --START--
INFO: Run Behavior\BuildLiteBehavior [ RunTime:0.000025s ]
INFO: [ app_init ] --END-- [ RunTime:0.000383s ]

[ 2018-03-27T11:23:57+08:00 ] ::1 /tp3/Home/index/SignUp.html
INFO: [ app_init ] --START--
INFO: Run Behavior\BuildLiteBehavior [ RunTime:0.000024s ]
INFO: [ app_init ] --END-- [ RunTime:0.000456s ]
ERR: 1146:Table 'tp3.think_user' doesn't exist
 [ SQL语句 ] : SHOW COLUMNS FROM `think_user`

[ 2018-03-27T11:25:43+08:00 ] ::1 /tp3/Home/index/SignUp.html
INFO: [ app_init ] --START--
INFO: Run Behavior\BuildLiteBehavior [ RunTime:0.000088s ]
INFO: [ app_init ] --END-- [ RunTime:0.001726s ]

[ 2018-03-27T11:28:04+08:00 ] ::1 /tp3/Home/index/SignUp.html
INFO: [ app_init ] --START--
INFO: Run Behavior\BuildLiteBehavior [ RunTime:0.000022s ]
INFO: [ app_init ] --END-- [ RunTime:0.000406s ]

[ 2018-03-27T11:29:22+08:00 ] ::1 /tp3/
INFO: [ app_init ] --START--
INFO: Run Behavior\BuildLiteBehavior [ RunTime:0.000022s ]
INFO: [ app_init ] --END-- [ RunTime:0.000836s ]

[ 2018-03-27T11:30:39+08:00 ] ::1 /tp3/
INFO: [ app_init ] --START--
INFO: Run Behavior\BuildLiteBehavior [ RunTime:0.000023s ]
INFO: [ app_init ] --END-- [ RunTime:0.000369s ]

[ 2018-03-27T11:30:41+08:00 ] ::1 /tp3/
INFO: [ app_init ] --START--
INFO: Run Behavior\BuildLiteBehavior [ RunTime:0.000022s ]
INFO: [ app_init ] --END-- [ RunTime:0.000350s ]

[ 2018-03-27T11:30:53+08:00 ] ::1 /tp3/Home/index/SignUp.html
INFO: [ app_init ] --START--
INFO: Run Behavior\BuildLiteBehavior [ RunTime:0.000037s ]
INFO: [ app_init ] --END-- [ RunTime:0.000584s ]

[ 2018-03-27T11:31:29+08:00 ] ::1 /tp3/
INFO: [ app_init ] --START--
INFO: Run Behavior\BuildLiteBehavior [ RunTime:0.000023s ]
INFO: [ app_init ] --END-- [ RunTime:0.000381s ]

[ 2018-03-27T11:31:39+08:00 ] ::1 /tp3/Home/index/SignIn.html
INFO: [ app_init ] --START--
INFO: Run Behavior\BuildLiteBehavior [ RunTime:0.000023s ]
INFO: [ app_init ] --END-- [ RunTime:0.000356s ]

[ 2018-03-27T11:32:20+08:00 ] ::1 /tp3/Home/index/SignIn.html
INFO: [ app_init ] --START--
INFO: Run Behavior\BuildLiteBehavior [ RunTime:0.000022s ]
INFO: [ app_init ] --END-- [ RunTime:0.000384s ]

[ 2018-03-27T11:32:45+08:00 ] ::1 /tp3/
INFO: [ app_init ] --START--
INFO: Run Behavior\BuildLiteBehavior [ RunTime:0.000023s ]
INFO: [ app_init ] --END-- [ RunTime:0.000899s ]

[ 2018-03-27T11:32:46+08:00 ] ::1 /tp3/
INFO: [ app_init ] --START--
INFO: Run Behavior\BuildLiteBehavior [ RunTime:0.000037s ]
INFO: [ app_init ] --END-- [ RunTime:0.000443s ]

[ 2018-03-27T11:32:57+08:00 ] ::1 /tp3/Home/index/SignIn.html
INFO: [ app_init ] --START--
INFO: Run Behavior\BuildLiteBehavior [ RunTime:0.000134s ]
INFO: [ app_init ] --END-- [ RunTime:0.002121s ]

[ 2018-03-27T11:40:38+08:00 ] ::1 /tp3/home/sign/signin
INFO: [ app_init ] --START--
INFO: Run Behavior\BuildLiteBehavior [ RunTime:0.000036s ]
INFO: [ app_init ] --END-- [ RunTime:0.000697s ]

[ 2018-03-27T11:41:23+08:00 ] ::1 /tp3/home/sign/sign
INFO: [ app_init ] --START--
INFO: Run Behavior\BuildLiteBehavior [ RunTime:0.000061s ]
INFO: [ app_init ] --END-- [ RunTime:0.001908s ]
ERR: 模板不存在:./Application/Home/View/Sign/sign.html

[ 2018-03-27T11:41:26+08:00 ] ::1 /tp3/home/sign
INFO: [ app_init ] --START--
INFO: Run Behavior\BuildLiteBehavior [ RunTime:0.000028s ]
INFO: [ app_init ] --END-- [ RunTime:0.000418s ]
ERR: 非法操作:index

[ 2018-03-27T11:41:57+08:00 ] ::1 /tp3/home/sign
INFO: [ app_init ] --START--
INFO: Run Behavior\BuildLiteBehavior [ RunTime:0.000030s ]
INFO: [ app_init ] --END-- [ RunTime:0.000436s ]

[ 2018-03-27T11:48:37+08:00 ] ::1 /tp3/home/sign
INFO: [ app_init ] --START--
INFO: Run Behavior\BuildLiteBehavior [ RunTime:0.000028s ]
INFO: [ app_init ] --END-- [ RunTime:0.000431s ]

[ 2018-03-27T11:51:15+08:00 ] ::1 /tp3/home/sign
INFO: [ app_init ] --START--
INFO: Run Behavior\BuildLiteBehavior [ RunTime:0.000023s ]
INFO: [ app_init ] --END-- [ RunTime:0.000371s ]

[ 2018-03-27T11:51:39+08:00 ] ::1 /tp3/home/sign
INFO: [ app_init ] --START--
INFO: Run Behavior\BuildLiteBehavior [ RunTime:0.000024s ]
INFO: [ app_init ] --END-- [ RunTime:0.000409s ]

[ 2018-03-27T11:52:12+08:00 ] ::1 /tp3/home/sign
INFO: [ app_init ] --START--
INFO: Run Behavior\BuildLiteBehavior [ RunTime:0.000023s ]
INFO: [ app_init ] --END-- [ RunTime:0.000392s ]

[ 2018-03-27T11:52:30+08:00 ] ::1 /tp3/home/sign
INFO: [ app_init ] --START--
INFO: Run Behavior\BuildLiteBehavior [ RunTime:0.000023s ]
INFO: [ app_init ] --END-- [ RunTime:0.000399s ]

[ 2018-03-27T11:54:22+08:00 ] ::1 /tp3/home/sign
INFO: [ app_init ] --START--
INFO: Run Behavior\BuildLiteBehavior [ RunTime:0.000023s ]
INFO: [ app_init ] --END-- [ RunTime:0.000417s ]

[ 2018-03-27T11:54:33+08:00 ] ::1 /tp3/Home/index/SignIn.html
INFO: [ app_init ] --START--
INFO: Run Behavior\BuildLiteBehavior [ RunTime:0.000077s ]
INFO: [ app_init ] --END-- [ RunTime:0.001801s ]
ERR: 非法操作:SignIn

[ 2018-03-27T11:55:05+08:00 ] ::1 /tp3/home/sign
INFO: [ app_init ] --START--
INFO: Run Behavior\BuildLiteBehavior [ RunTime:0.000023s ]
INFO: [ app_init ] --END-- [ RunTime:0.000404s ]

[ 2018-03-27T11:55:13+08:00 ] ::1 /tp3/Home/sign/SignIn.html
INFO: [ app_init ] --START--
INFO: Run Behavior\BuildLiteBehavior [ RunTime:0.000050s ]
INFO: [ app_init ] --END-- [ RunTime:0.000868s ]

[ 2018-03-27T11:56:35+08:00 ] ::1 /tp3/
INFO: [ app_init ] --START--
INFO: Run Behavior\BuildLiteBehavior [ RunTime:0.000025s ]
INFO: [ app_init ] --END-- [ RunTime:0.000529s ]

[ 2018-03-27T11:57:09+08:00 ] ::1 /tp3/
INFO: [ app_init ] --START--
INFO: Run Behavior\BuildLiteBehavior [ RunTime:0.000062s ]
INFO: [ app_init ] --END-- [ RunTime:0.000551s ]

[ 2018-03-27T11:59:13+08:00 ] ::1 /tp3/
INFO: [ app_init ] --START--
INFO: Run Behavior\BuildLiteBehavior [ RunTime:0.000027s ]
INFO: [ app_init ] --END-- [ RunTime:0.000383s ]

[ 2018-03-27T11:59:22+08:00 ] ::1 /tp3/Home/sign/SignUp.html
INFO: [ app_init ] --START--
INFO: Run Behavior\BuildLiteBehavior [ RunTime:0.000031s ]
INFO: [ app_init ] --END-- [ RunTime:0.000661s ]

[ 2018-03-27T11:59:44+08:00 ] ::1 /tp3/
INFO: [ app_init ] --START--
INFO: Run Behavior\BuildLiteBehavior [ RunTime:0.000023s ]
INFO: [ app_init ] --END-- [ RunTime:0.000362s ]

[ 2018-03-27T11:59:48+08:00 ] ::1 /tp3/home/sign
INFO: [ app_init ] --START--
INFO: Run Behavior\BuildLiteBehavior [ RunTime:0.000023s ]
INFO: [ app_init ] --END-- [ RunTime:0.000378s ]

[ 2018-03-27T12:00:03+08:00 ] ::1 /tp3/Home/sign/SignIn.html
INFO: [ app_init ] --START--
INFO: Run Behavior\BuildLiteBehavior [ RunTime:0.000107s ]
INFO: [ app_init ] --END-- [ RunTime:0.001768s ]

[ 2018-03-27T12:00:09+08:00 ] ::1 /tp3/Home/sign/SignUp.html
INFO: [ app_init ] --START--
INFO: Run Behavior\BuildLiteBehavior [ RunTime:0.000023s ]
INFO: [ app_init ] --END-- [ RunTime:0.000364s ]

[ 2018-03-27T12:01:53+08:00 ] ::1 /tp3/Home/sign/SignUp.html
INFO: [ app_init ] --START--
INFO: Run Behavior\BuildLiteBehavior [ RunTime:0.000142s ]
INFO: [ app_init ] --END-- [ RunTime:0.001997s ]

[ 2018-03-27T12:57:25+08:00 ] ::1 /tp3/Home/sign/SignUp.html
INFO: [ app_init ] --START--
INFO: Run Behavior\BuildLiteBehavior [ RunTime:0.000024s ]
INFO: [ app_init ] --END-- [ RunTime:0.000405s ]

[ 2018-03-27T12:57:30+08:00 ] ::1 /tp3/Home/Home/index.html
INFO: [ app_init ] --START--
INFO: Run Behavior\BuildLiteBehavior [ RunTime:0.000023s ]
INFO: [ app_init ] --END-- [ RunTime:0.000453s ]

[ 2018-03-27T12:57:51+08:00 ] ::1 /tp3/Home/sign/SignUp.html
INFO: [ app_init ] --START--
INFO: Run Behavior\BuildLiteBehavior [ RunTime:0.000023s ]
INFO: [ app_init ] --END-- [ RunTime:0.000378s ]

[ 2018-03-27T12:57:56+08:00 ] ::1 /tp3/Home/sign/SignUp.html
INFO: [ app_init ] --START--
INFO: Run Behavior\BuildLiteBehavior [ RunTime:0.000134s ]
INFO: [ app_init ] --END-- [ RunTime:0.001122s ]

[ 2018-03-27T12:57:56+08:00 ] ::1 /tp3/Home/Home/index.html
INFO: [ app_init ] --START--
INFO: Run Behavior\BuildLiteBehavior [ RunTime:0.000166s ]
INFO: [ app_init ] --END-- [ RunTime:0.003012s ]

[ 2018-03-27T12:58:55+08:00 ] ::1 /tp3/Home/sign/SignUp.html
INFO: [ app_init ] --START--
INFO: Run Behavior\BuildLiteBehavior [ RunTime:0.000020s ]
INFO: [ app_init ] --END-- [ RunTime:0.000358s ]

[ 2018-03-27T12:58:55+08:00 ] ::1 /tp3/Home/Home/index.html
INFO: [ app_init ] --START--
INFO: Run Behavior\BuildLiteBehavior [ RunTime:0.000023s ]
INFO: [ app_init ] --END-- [ RunTime:0.000377s ]
ERR: 参数错误或者未定义:email

[ 2018-03-27T13:00:27+08:00 ] ::1 /tp3/Home/sign/SignUp.html
INFO: [ app_init ] --START--
INFO: Run Behavior\BuildLiteBehavior [ RunTime:0.000164s ]
INFO: [ app_init ] --END-- [ RunTime:0.002029s ]

[ 2018-03-27T13:00:27+08:00 ] ::1 /tp3/Home/Home/index.html
INFO: [ app_init ] --START--
INFO: Run Behavior\BuildLiteBehavior [ RunTime:0.000146s ]
INFO: [ app_init ] --END-- [ RunTime:0.002350s ]
ERR: 参数错误或者未定义:email

[ 2018-03-27T13:04:12+08:00 ] ::1 /tp3/Home/Home/index.html
INFO: [ app_init ] --START--
INFO: Run Behavior\BuildLiteBehavior [ RunTime:0.000022s ]
INFO: [ app_init ] --END-- [ RunTime:0.000383s ]
ERR: 参数错误或者未定义:email

[ 2018-03-27T13:04:17+08:00 ] ::1 /tp3/Home/sign/SignUp.html
INFO: [ app_init ] --START--
INFO: Run Behavior\BuildLiteBehavior [ RunTime:0.000034s ]
INFO: [ app_init ] --END-- [ RunTime:0.000539s ]

[ 2018-03-27T13:04:17+08:00 ] ::1 /tp3/Home/Home/index/email/1%401.com.html
INFO: [ app_init ] --START--
INFO: Run Behavior\BuildLiteBehavior [ RunTime:0.000039s ]
INFO: [ app_init ] --END-- [ RunTime:0.000571s ]

[ 2018-03-27T13:07:12+08:00 ] 127.0.0.1 /tp3/home/sign
INFO: [ app_init ] --START--
INFO: Run Behavior\BuildLiteBehavior [ RunTime:0.000020s ]
INFO: [ app_init ] --END-- [ RunTime:0.000367s ]

[ 2018-03-27T13:07:22+08:00 ] 127.0.0.1 /tp3/Home/sign/SignIn.html
INFO: [ app_init ] --START--
INFO: Run Behavior\BuildLiteBehavior [ RunTime:0.000040s ]
INFO: [ app_init ] --END-- [ RunTime:0.000635s ]

[ 2018-03-27T13:08:05+08:00 ] 127.0.0.1 /tp3/Home/sign/SignIn.html
INFO: [ app_init ] --START--
INFO: Run Behavior\BuildLiteBehavior [ RunTime:0.000021s ]
INFO: [ app_init ] --END-- [ RunTime:0.000368s ]

[ 2018-03-27T13:09:07+08:00 ] 127.0.0.1 /tp3/Home/sign/SignIn.html
INFO: [ app_init ] --START--
INFO: Run Behavior\BuildLiteBehavior [ RunTime:0.000021s ]
INFO: [ app_init ] --END-- [ RunTime:0.000378s ]

[ 2018-03-27T13:09:08+08:00 ] 127.0.0.1 /tp3/Home/index/index.html
INFO: [ app_init ] --START--
INFO: Run Behavior\BuildLiteBehavior [ RunTime:0.000024s ]
INFO: [ app_init ] --END-- [ RunTime:0.000385s ]

[ 2018-03-27T13:23:01+08:00 ] 127.0.0.1 /tp3/Home/sign/SignUp.html
INFO: [ app_init ] --START--
INFO: Run Behavior\BuildLiteBehavior [ RunTime:0.000025s ]
INFO: [ app_init ] --END-- [ RunTime:0.000524s ]

[ 2018-03-27T13:23:01+08:00 ] 127.0.0.1 /tp3/Home/Home/index/email/1%401.com.html
INFO: [ app_init ] --START--
INFO: Run Behavior\BuildLiteBehavior [ RunTime:0.000046s ]
INFO: [ app_init ] --END-- [ RunTime:0.000940s ]
ERR: 1064:You have an error in your SQL syntax; check the manual that corresponds to your MySQL server version for the right syntax to use near '@1.com )' at line 1
 [ SQL语句 ] : SELECT * FROM `think_user` WHERE ( 1@1.com ) 

[ 2018-03-27T13:23:15+08:00 ] 127.0.0.1 /tp3/Home/sign/SignUp.html
INFO: [ app_init ] --START--
INFO: Run Behavior\BuildLiteBehavior [ RunTime:0.000036s ]
INFO: [ app_init ] --END-- [ RunTime:0.000599s ]

[ 2018-03-27T13:23:15+08:00 ] 127.0.0.1 /tp3/Home/Home/index/email/1%401.com.html
INFO: [ app_init ] --START--
INFO: Run Behavior\BuildLiteBehavior [ RunTime:0.000038s ]
INFO: [ app_init ] --END-- [ RunTime:0.000631s ]
ERR: 1064:You have an error in your SQL syntax; check the manual that corresponds to your MySQL server version for the right syntax to use near '@1.com )' at line 1
 [ SQL语句 ] : SELECT * FROM `think_user` WHERE ( 1@1.com ) 

[ 2018-03-27T13:25:01+08:00 ] 127.0.0.1 /tp3/
INFO: [ app_init ] --START--
INFO: Run Behavior\BuildLiteBehavior [ RunTime:0.000025s ]
INFO: [ app_init ] --END-- [ RunTime:0.000894s ]

[ 2018-03-27T13:25:08+08:00 ] 127.0.0.1 /tp3/Home/sign/SignUp.html
INFO: [ app_init ] --START--
INFO: Run Behavior\BuildLiteBehavior [ RunTime:0.000070s ]
INFO: [ app_init ] --END-- [ RunTime:0.000842s ]

[ 2018-03-27T13:25:08+08:00 ] 127.0.0.1 /tp3/Home/Home/index/email/1%401.com.html
INFO: [ app_init ] --START--
INFO: Run Behavior\BuildLiteBehavior [ RunTime:0.000026s ]
INFO: [ app_init ] --END-- [ RunTime:0.000450s ]
ERR: 1064:You have an error in your SQL syntax; check the manual that corresponds to your MySQL server version for the right syntax to use near '@1.com )' at line 1
 [ SQL语句 ] : SELECT * FROM `think_user` WHERE ( 1@1.com ) 

[ 2018-03-27T13:26:07+08:00 ] 127.0.0.1 /tp3/Home/sign/SignUp.html
INFO: [ app_init ] --START--
INFO: Run Behavior\BuildLiteBehavior [ RunTime:0.000037s ]
INFO: [ app_init ] --END-- [ RunTime:0.000590s ]

[ 2018-03-27T13:26:07+08:00 ] 127.0.0.1 /tp3/Home/Home/index/email/1%401.com.html
INFO: [ app_init ] --START--
INFO: Run Behavior\BuildLiteBehavior [ RunTime:0.000037s ]
INFO: [ app_init ] --END-- [ RunTime:0.000629s ]

[ 2018-03-27T13:41:01+08:00 ] 127.0.0.1 /tp3/Home/Home/index/email/1%401.com.html
INFO: [ app_init ] --START--
INFO: Run Behavior\BuildLiteBehavior [ RunTime:0.000022s ]
INFO: [ app_init ] --END-- [ RunTime:0.000370s ]

[ 2018-03-27T13:41:37+08:00 ] 127.0.0.1 /tp3/Home/Home/index/email/1%401.com.html
INFO: [ app_init ] --START--
INFO: Run Behavior\BuildLiteBehavior [ RunTime:0.000020s ]
INFO: [ app_init ] --END-- [ RunTime:0.000357s ]

[ 2018-03-27T13:41:55+08:00 ] 127.0.0.1 /tp3/Home/Home/index/email/1%401.com.html
INFO: [ app_init ] --START--
INFO: Run Behavior\BuildLiteBehavior [ RunTime:0.000025s ]
INFO: [ app_init ] --END-- [ RunTime:0.000402s ]

[ 2018-03-27T13:42:49+08:00 ] 127.0.0.1 /tp3/Home/Home/index/email/1%401.com.html
INFO: [ app_init ] --START--
INFO: Run Behavior\BuildLiteBehavior [ RunTime:0.000022s ]
INFO: [ app_init ] --END-- [ RunTime:0.000390s ]

[ 2018-03-27T13:44:04+08:00 ] 127.0.0.1 /tp3/Home/Home/index/email/1%401.com.html
INFO: [ app_init ] --START--
INFO: Run Behavior\BuildLiteBehavior [ RunTime:0.000024s ]
INFO: [ app_init ] --END-- [ RunTime:0.000406s ]

[ 2018-03-27T13:44:26+08:00 ] 127.0.0.1 /tp3/Home/Home/index/email/1%401.com.html
INFO: [ app_init ] --START--
INFO: Run Behavior\BuildLiteBehavior [ RunTime:0.000021s ]
INFO: [ app_init ] --END-- [ RunTime:0.000367s ]

[ 2018-03-27T13:45:29+08:00 ] 127.0.0.1 /tp3/Home/Home/index/email/1%401.com.html
INFO: [ app_init ] --START--
INFO: Run Behavior\BuildLiteBehavior [ RunTime:0.000023s ]
INFO: [ app_init ] --END-- [ RunTime:0.000380s ]

[ 2018-03-27T13:45:41+08:00 ] 127.0.0.1 /tp3/Home/Home/index/email/1%401.com.html
INFO: [ app_init ] --START--
INFO: Run Behavior\BuildLiteBehavior [ RunTime:0.000025s ]
INFO: [ app_init ] --END-- [ RunTime:0.000412s ]

[ 2018-03-27T13:46:12+08:00 ] 127.0.0.1 /tp3/Home/Home/index/email/1%401.com.html
INFO: [ app_init ] --START--
INFO: Run Behavior\BuildLiteBehavior [ RunTime:0.000048s ]
INFO: [ app_init ] --END-- [ RunTime:0.000804s ]

[ 2018-03-27T13:46:27+08:00 ] 127.0.0.1 /tp3/Home/Home/index/email/1%401.com.html
INFO: [ app_init ] --START--
INFO: Run Behavior\BuildLiteBehavior [ RunTime:0.000029s ]
INFO: [ app_init ] --END-- [ RunTime:0.000500s ]

[ 2018-03-27T13:46:55+08:00 ] 127.0.0.1 /tp3/Home/Home/index/email/1%401.com.html
INFO: [ app_init ] --START--
INFO: Run Behavior\BuildLiteBehavior [ RunTime:0.000028s ]
INFO: [ app_init ] --END-- [ RunTime:0.000426s ]

[ 2018-03-27T13:47:13+08:00 ] 127.0.0.1 /tp3/Home/Home/index/email/1%401.com.html
INFO: [ app_init ] --START--
INFO: Run Behavior\BuildLiteBehavior [ RunTime:0.000023s ]
INFO: [ app_init ] --END-- [ RunTime:0.000373s ]

[ 2018-03-27T13:47:21+08:00 ] 127.0.0.1 /tp3/Home/Home/index/email/1%401.com.html
INFO: [ app_init ] --START--
INFO: Run Behavior\BuildLiteBehavior [ RunTime:0.000021s ]
INFO: [ app_init ] --END-- [ RunTime:0.000386s ]

[ 2018-03-27T13:47:27+08:00 ] 127.0.0.1 /tp3/Home/Home/index/email/1%401.com.html
INFO: [ app_init ] --START--
INFO: Run Behavior\BuildLiteBehavior [ RunTime:0.000035s ]
INFO: [ app_init ] --END-- [ RunTime:0.000579s ]

[ 2018-03-27T13:47:36+08:00 ] 127.0.0.1 /tp3/Home/Home/index/email/1%401.com.html
INFO: [ app_init ] --START--
INFO: Run Behavior\BuildLiteBehavior [ RunTime:0.000022s ]
INFO: [ app_init ] --END-- [ RunTime:0.000389s ]

[ 2018-03-27T13:48:11+08:00 ] 127.0.0.1 /tp3/Home/Home/index/email/1%401.com.html
INFO: [ app_init ] --START--
INFO: Run Behavior\BuildLiteBehavior [ RunTime:0.000025s ]
INFO: [ app_init ] --END-- [ RunTime:0.000412s ]

[ 2018-03-27T13:48:13+08:00 ] 127.0.0.1 /tp3/Home/Home/index/email/1%401.com.html
INFO: [ app_init ] --START--
INFO: Run Behavior\BuildLiteBehavior [ RunTime:0.000022s ]
INFO: [ app_init ] --END-- [ RunTime:0.000400s ]

[ 2018-03-27T13:48:55+08:00 ] 127.0.0.1 /tp3/Home/Home/index/email/1%401.com.html
INFO: [ app_init ] --START--
INFO: Run Behavior\BuildLiteBehavior [ RunTime:0.000024s ]
INFO: [ app_init ] --END-- [ RunTime:0.000402s ]

[ 2018-03-27T13:48:56+08:00 ] 127.0.0.1 /tp3/Home/Home/index/email/1%401.com.html
INFO: [ app_init ] --START--
INFO: Run Behavior\BuildLiteBehavior [ RunTime:0.000021s ]
INFO: [ app_init ] --END-- [ RunTime:0.000388s ]

[ 2018-03-27T13:49:41+08:00 ] 127.0.0.1 /tp3/Home/Home/index/email/1%401.com.html
INFO: [ app_init ] --START--
INFO: Run Behavior\BuildLiteBehavior [ RunTime:0.000034s ]
INFO: [ app_init ] --END-- [ RunTime:0.000409s ]

[ 2018-03-27T13:49:56+08:00 ] 127.0.0.1 /tp3/Home/Home/index/email/1%401.com.html
INFO: [ app_init ] --START--
INFO: Run Behavior\BuildLiteBehavior [ RunTime:0.000021s ]
INFO: [ app_init ] --END-- [ RunTime:0.000365s ]

[ 2018-03-27T13:50:19+08:00 ] 127.0.0.1 /tp3/Home/Home/index/email/1%401.com.html
INFO: [ app_init ] --START--
INFO: Run Behavior\BuildLiteBehavior [ RunTime:0.000035s ]
INFO: [ app_init ] --END-- [ RunTime:0.000487s ]

[ 2018-03-27T13:50:48+08:00 ] 127.0.0.1 /tp3/Home/Home/index/email/1%401.com.html
INFO: [ app_init ] --START--
INFO: Run Behavior\BuildLiteBehavior [ RunTime:0.000021s ]
INFO: [ app_init ] --END-- [ RunTime:0.000390s ]

[ 2018-03-27T13:52:07+08:00 ] 127.0.0.1 /tp3/
INFO: [ app_init ] --START--
INFO: Run Behavior\BuildLiteBehavior [ RunTime:0.000024s ]
INFO: [ app_init ] --END-- [ RunTime:0.000406s ]

[ 2018-03-27T13:53:33+08:00 ] 127.0.0.1 /tp3/Home/sign/SignUp.html
INFO: [ app_init ] --START--
INFO: Run Behavior\BuildLiteBehavior [ RunTime:0.000074s ]
INFO: [ app_init ] --END-- [ RunTime:0.001301s ]

[ 2018-03-27T13:53:33+08:00 ] 127.0.0.1 /tp3/Home/Home/index/email/1%401.com.html
INFO: [ app_init ] --START--
INFO: Run Behavior\BuildLiteBehavior [ RunTime:0.000033s ]
INFO: [ app_init ] --END-- [ RunTime:0.000398s ]

[ 2018-03-27T13:59:32+08:00 ] 127.0.0.1 /tp3/Home/Home/index/email/1%401.com.html
INFO: [ app_init ] --START--
INFO: Run Behavior\BuildLiteBehavior [ RunTime:0.000023s ]
INFO: [ app_init ] --END-- [ RunTime:0.000401s ]

[ 2018-03-27T13:59:40+08:00 ] 127.0.0.1 /tp3/Home/sign/SignUp.html
INFO: [ app_init ] --START--
INFO: Run Behavior\BuildLiteBehavior [ RunTime:0.000038s ]
INFO: [ app_init ] --END-- [ RunTime:0.000635s ]

[ 2018-03-27T13:59:41+08:00 ] 127.0.0.1 /tp3/Home/Home/index/email/1%401.com.html
INFO: [ app_init ] --START--
INFO: Run Behavior\BuildLiteBehavior [ RunTime:0.000022s ]
INFO: [ app_init ] --END-- [ RunTime:0.000383s ]

[ 2018-03-27T14:03:39+08:00 ] 127.0.0.1 /tp3/Home/Home/index/email/1%401.com.html
INFO: [ app_init ] --START--
INFO: Run Behavior\BuildLiteBehavior [ RunTime:0.000021s ]
INFO: [ app_init ] --END-- [ RunTime:0.000403s ]

[ 2018-03-27T14:03:41+08:00 ] 127.0.0.1 /tp3/Home/Home/index/email/1%401.com.html
INFO: [ app_init ] --START--
INFO: Run Behavior\BuildLiteBehavior [ RunTime:0.000035s ]
INFO: [ app_init ] --END-- [ RunTime:0.000450s ]

[ 2018-03-27T14:04:40+08:00 ] 127.0.0.1 /tp3/Home/Home/index/email/1%401.com.html
INFO: [ app_init ] --START--
INFO: Run Behavior\BuildLiteBehavior [ RunTime:0.000021s ]
INFO: [ app_init ] --END-- [ RunTime:0.000353s ]

[ 2018-03-27T14:04:44+08:00 ] 127.0.0.1 /tp3/Home/sign/SignUp.html
INFO: [ app_init ] --START--
INFO: Run Behavior\BuildLiteBehavior [ RunTime:0.000034s ]
INFO: [ app_init ] --END-- [ RunTime:0.000544s ]

[ 2018-03-27T14:04:44+08:00 ] 127.0.0.1 /tp3/Home/Home/index/email/1%401.com.html
INFO: [ app_init ] --START--
INFO: Run Behavior\BuildLiteBehavior [ RunTime:0.000023s ]
INFO: [ app_init ] --END-- [ RunTime:0.000394s ]

[ 2018-03-27T14:07:06+08:00 ] 127.0.0.1 /tp3/Home/Home/index/email/1%401.com.html
INFO: [ app_init ] --START--
INFO: Run Behavior\BuildLiteBehavior [ RunTime:0.000021s ]
INFO: [ app_init ] --END-- [ RunTime:0.000373s ]

[ 2018-03-27T14:07:15+08:00 ] 127.0.0.1 /tp3/Home/Home/index/email/1%401.com.html
INFO: [ app_init ] --START--
INFO: Run Behavior\BuildLiteBehavior [ RunTime:0.000021s ]
INFO: [ app_init ] --END-- [ RunTime:0.000376s ]

[ 2018-03-27T14:10:12+08:00 ] 127.0.0.1 /tp3/Home/Home/index/email/1%401.com.html
INFO: [ app_init ] --START--
INFO: Run Behavior\BuildLiteBehavior [ RunTime:0.000070s ]
INFO: [ app_init ] --END-- [ RunTime:0.000828s ]

[ 2018-03-27T14:12:29+08:00 ] 127.0.0.1 /tp3/Home/Home/index/email/1%401.com.html
INFO: [ app_init ] --START--
INFO: Run Behavior\BuildLiteBehavior [ RunTime:0.000024s ]
INFO: [ app_init ] --END-- [ RunTime:0.000507s ]

[ 2018-03-27T14:19:24+08:00 ] 127.0.0.1 /tp3/Home/Home/index/email/1%401.com.html
INFO: [ app_init ] --START--
INFO: Run Behavior\BuildLiteBehavior [ RunTime:0.000050s ]
INFO: [ app_init ] --END-- [ RunTime:0.000762s ]

[ 2018-03-27T14:19:42+08:00 ] 127.0.0.1 /tp3/Home/Home/index/email/2%402.com.html
INFO: [ app_init ] --START--
INFO: Run Behavior\BuildLiteBehavior [ RunTime:0.000021s ]
INFO: [ app_init ] --END-- [ RunTime:0.000405s ]

[ 2018-03-27T14:21:11+08:00 ] 127.0.0.1 /tp3/
INFO: [ app_init ] --START--
INFO: Run Behavior\BuildLiteBehavior [ RunTime:0.000022s ]
INFO: [ app_init ] --END-- [ RunTime:0.000364s ]

[ 2018-03-27T14:24:49+08:00 ] 127.0.0.1 /tp3/Home/Home/index/email/2%402.com.html
INFO: [ app_init ] --START--
INFO: Run Behavior\BuildLiteBehavior [ RunTime:0.000025s ]
INFO: [ app_init ] --END-- [ RunTime:0.000430s ]

[ 2018-03-27T14:25:02+08:00 ] 127.0.0.1 /tp3/Home/Home/index/email/2%402.com.html
INFO: [ app_init ] --START--
INFO: Run Behavior\BuildLiteBehavior [ RunTime:0.000021s ]
INFO: [ app_init ] --END-- [ RunTime:0.000362s ]

[ 2018-03-27T14:26:33+08:00 ] 127.0.0.1 /tp3/Home/Home/index/email/2%402.com.html
INFO: [ app_init ] --START--
INFO: Run Behavior\BuildLiteBehavior [ RunTime:0.000022s ]
INFO: [ app_init ] --END-- [ RunTime:0.000364s ]

[ 2018-03-27T14:29:22+08:00 ] 127.0.0.1 /tp3/Home/Home/index/email/2%402.com.html
INFO: [ app_init ] --START--
INFO: Run Behavior\BuildLiteBehavior [ RunTime:0.000042s ]
INFO: [ app_init ] --END-- [ RunTime:0.000667s ]

[ 2018-03-27T14:30:51+08:00 ] 127.0.0.1 /tp3/Home/Home/index/email/2%402.com.html
INFO: [ app_init ] --START--
INFO: Run Behavior\BuildLiteBehavior [ RunTime:0.000046s ]
INFO: [ app_init ] --END-- [ RunTime:0.001529s ]

[ 2018-03-27T14:31:12+08:00 ] 127.0.0.1 /tp3/Home/Home/index/email/2%402.com.html
INFO: [ app_init ] --START--
INFO: Run Behavior\BuildLiteBehavior [ RunTime:0.000020s ]
INFO: [ app_init ] --END-- [ RunTime:0.000346s ]

[ 2018-03-27T14:52:52+08:00 ] 127.0.0.1 /tp3/Home/sign/SignUp.html
INFO: [ app_init ] --START--
INFO: Run Behavior\BuildLiteBehavior [ RunTime:0.000181s ]
INFO: [ app_init ] --END-- [ RunTime:0.002904s ]

[ 2018-03-27T14:52:52+08:00 ] 127.0.0.1 /tp3/Home/Home/index/email/2%402.com.html
INFO: [ app_init ] --START--
INFO: Run Behavior\BuildLiteBehavior [ RunTime:0.000045s ]
INFO: [ app_init ] --END-- [ RunTime:0.000828s ]

[ 2018-03-27T14:53:19+08:00 ] 127.0.0.1 /tp3/Home/sign/SignUp.html
INFO: [ app_init ] --START--
INFO: Run Behavior\BuildLiteBehavior [ RunTime:0.000032s ]
INFO: [ app_init ] --END-- [ RunTime:0.000401s ]

[ 2018-03-27T14:53:20+08:00 ] 127.0.0.1 /tp3/Home/Home/index/email/1%401.com.html
INFO: [ app_init ] --START--
INFO: Run Behavior\BuildLiteBehavior [ RunTime:0.000021s ]
INFO: [ app_init ] --END-- [ RunTime:0.000353s ]

[ 2018-03-27T14:54:46+08:00 ] 127.0.0.1 /tp3/Home/Home/index/email/1%401.com.html
INFO: [ app_init ] --START--
INFO: Run Behavior\BuildLiteBehavior [ RunTime:0.000023s ]
INFO: [ app_init ] --END-- [ RunTime:0.000473s ]

[ 2018-03-27T16:28:55+08:00 ] ::1 /tp3/Home/Home/index/email/1%401.com.html
INFO: [ app_init ] --START--
INFO: Run Behavior\BuildLiteBehavior [ RunTime:0.000038s ]
INFO: [ app_init ] --END-- [ RunTime:0.000752s ]

[ 2018-03-27T16:28:56+08:00 ] ::1 /tp3/Home/Home/index/email/1%401.com.html
INFO: [ app_init ] --START--
INFO: Run Behavior\BuildLiteBehavior [ RunTime:0.000034s ]
INFO: [ app_init ] --END-- [ RunTime:0.000536s ]

[ 2018-03-27T16:30:31+08:00 ] ::1 /tp3/Home/Home/index/email/1%401.com.html
INFO: [ app_init ] --START--
INFO: Run Behavior\BuildLiteBehavior [ RunTime:0.000022s ]
INFO: [ app_init ] --END-- [ RunTime:0.000352s ]

[ 2018-03-27T16:34:40+08:00 ] ::1 /tp3/Home/Home/index/email/1%401.com.html
INFO: [ app_init ] --START--
INFO: Run Behavior\BuildLiteBehavior [ RunTime:0.000093s ]
INFO: [ app_init ] --END-- [ RunTime:0.001803s ]

[ 2018-03-27T16:34:41+08:00 ] ::1 /tp3/Home/Home/index/email/1%401.com.html
INFO: [ app_init ] --START--
INFO: Run Behavior\BuildLiteBehavior [ RunTime:0.000024s ]
INFO: [ app_init ] --END-- [ RunTime:0.000387s ]

[ 2018-03-27T16:34:45+08:00 ] ::1 /tp3/Home/Home/index/email/1%401.com.html
INFO: [ app_init ] --START--
INFO: Run Behavior\BuildLiteBehavior [ RunTime:0.000089s ]
INFO: [ app_init ] --END-- [ RunTime:0.000638s ]

[ 2018-03-27T16:34:50+08:00 ] ::1 /tp3/Home/sign/SignUp.html
INFO: [ app_init ] --START--
INFO: Run Behavior\BuildLiteBehavior [ RunTime:0.000023s ]
INFO: [ app_init ] --END-- [ RunTime:0.000409s ]

[ 2018-03-27T16:34:50+08:00 ] ::1 /tp3/Home/Home/index/email/1%401.com.html
INFO: [ app_init ] --START--
INFO: Run Behavior\BuildLiteBehavior [ RunTime:0.000023s ]
INFO: [ app_init ] --END-- [ RunTime:0.000377s ]

[ 2018-03-27T16:34:51+08:00 ] ::1 /tp3/Home/Home/index/email/1%401.com.html
INFO: [ app_init ] --START--
INFO: Run Behavior\BuildLiteBehavior [ RunTime:0.000024s ]
INFO: [ app_init ] --END-- [ RunTime:0.000427s ]

[ 2018-03-27T16:36:30+08:00 ] ::1 /tp3/Home/message/index
INFO: [ app_init ] --START--
INFO: Run Behavior\BuildLiteBehavior [ RunTime:0.000022s ]
INFO: [ app_init ] --END-- [ RunTime:0.000364s ]
ERR: 非法操作:index

[ 2018-03-27T16:36:43+08:00 ] ::1 /tp3/Home/message/apply
INFO: [ app_init ] --START--
INFO: Run Behavior\BuildLiteBehavior [ RunTime:0.000024s ]
INFO: [ app_init ] --END-- [ RunTime:0.000465s ]

[ 2018-03-27T16:37:19+08:00 ] ::1 /tp3/Home/Home/index/email/2%402.com.html
INFO: [ app_init ] --START--
INFO: Run Behavior\BuildLiteBehavior [ RunTime:0.000021s ]
INFO: [ app_init ] --END-- [ RunTime:0.000399s ]

[ 2018-03-27T16:37:22+08:00 ] ::1 /tp3/Home/Home/index/email/1%401.com.html
INFO: [ app_init ] --START--
INFO: Run Behavior\BuildLiteBehavior [ RunTime:0.000021s ]
INFO: [ app_init ] --END-- [ RunTime:0.000362s ]

[ 2018-03-27T16:37:24+08:00 ] ::1 /tp3/Home/Home/index/email/1%401.com.html
INFO: [ app_init ] --START--
INFO: Run Behavior\BuildLiteBehavior [ RunTime:0.000022s ]
INFO: [ app_init ] --END-- [ RunTime:0.000406s ]

[ 2018-03-27T16:37:36+08:00 ] ::1 /tp3/
INFO: [ app_init ] --START--
INFO: Run Behavior\BuildLiteBehavior [ RunTime:0.000023s ]
INFO: [ app_init ] --END-- [ RunTime:0.000369s ]

[ 2018-03-27T16:37:57+08:00 ] ::1 /tp3/Home/sign/SignUp.html
INFO: [ app_init ] --START--
INFO: Run Behavior\BuildLiteBehavior [ RunTime:0.000022s ]
INFO: [ app_init ] --END-- [ RunTime:0.000382s ]

[ 2018-03-27T16:37:57+08:00 ] ::1 /tp3/Home/Home/index/email/1%401.com.html
INFO: [ app_init ] --START--
INFO: Run Behavior\BuildLiteBehavior [ RunTime:0.000024s ]
INFO: [ app_init ] --END-- [ RunTime:0.000376s ]

[ 2018-03-27T16:38:20+08:00 ] ::1 /tp3/Home/Home/index/email/1%401.com.html
INFO: [ app_init ] --START--
INFO: Run Behavior\BuildLiteBehavior [ RunTime:0.000056s ]
INFO: [ app_init ] --END-- [ RunTime:0.001313s ]

[ 2018-03-27T16:38:32+08:00 ] ::1 /tp3/Home/Home/index/email/1%401.com.html
INFO: [ app_init ] --START--
INFO: Run Behavior\BuildLiteBehavior [ RunTime:0.000121s ]
INFO: [ app_init ] --END-- [ RunTime:0.002239s ]

[ 2018-03-27T16:38:48+08:00 ] ::1 /tp3/Home/Home/index/email/1%401.com.html
INFO: [ app_init ] --START--
INFO: Run Behavior\BuildLiteBehavior [ RunTime:0.000022s ]
INFO: [ app_init ] --END-- [ RunTime:0.000367s ]

[ 2018-03-27T16:38:54+08:00 ] ::1 /tp3/Home/Home/index/email/1%401.com.html
INFO: [ app_init ] --START--
INFO: Run Behavior\BuildLiteBehavior [ RunTime:0.000104s ]
INFO: [ app_init ] --END-- [ RunTime:0.001290s ]

[ 2018-03-27T16:38:55+08:00 ] ::1 /tp3/Home/Home/index/email/1%401.com.html
INFO: [ app_init ] --START--
INFO: Run Behavior\BuildLiteBehavior [ RunTime:0.000035s ]
INFO: [ app_init ] --END-- [ RunTime:0.000544s ]

[ 2018-03-27T16:41:16+08:00 ] ::1 /tp3/Home/Home/index/email/1%401.com.html
INFO: [ app_init ] --START--
INFO: Run Behavior\BuildLiteBehavior [ RunTime:0.000023s ]
INFO: [ app_init ] --END-- [ RunTime:0.000373s ]

[ 2018-03-27T16:41:17+08:00 ] ::1 /tp3/Home/Home/index/email/1%401.com.html
INFO: [ app_init ] --START--
INFO: Run Behavior\BuildLiteBehavior [ RunTime:0.000022s ]
INFO: [ app_init ] --END-- [ RunTime:0.000374s ]

[ 2018-03-27T16:41:24+08:00 ] ::1 /tp3/
INFO: [ app_init ] --START--
INFO: Run Behavior\BuildLiteBehavior [ RunTime:0.000049s ]
INFO: [ app_init ] --END-- [ RunTime:0.002289s ]

[ 2018-03-27T16:41:29+08:00 ] ::1 /tp3/Home/sign/SignUp.html
INFO: [ app_init ] --START--
INFO: Run Behavior\BuildLiteBehavior [ RunTime:0.000183s ]
INFO: [ app_init ] --END-- [ RunTime:0.003670s ]

[ 2018-03-27T16:41:29+08:00 ] ::1 /tp3/Home/Home/index/email/1%401.com.html
INFO: [ app_init ] --START--
INFO: Run Behavior\BuildLiteBehavior [ RunTime:0.000025s ]
INFO: [ app_init ] --END-- [ RunTime:0.000438s ]

[ 2018-03-27T16:41:32+08:00 ] ::1 /tp3/Home/Home/index/email/1%401.com.html
INFO: [ app_init ] --START--
INFO: Run Behavior\BuildLiteBehavior [ RunTime:0.000022s ]
INFO: [ app_init ] --END-- [ RunTime:0.000386s ]

[ 2018-03-27T16:41:33+08:00 ] ::1 /tp3/Home/Home/index/email/1%401.com.html
INFO: [ app_init ] --START--
INFO: Run Behavior\BuildLiteBehavior [ RunTime:0.000034s ]
INFO: [ app_init ] --END-- [ RunTime:0.000511s ]

[ 2018-03-27T16:44:38+08:00 ] ::1 /tp3/Home/Home/index/email/1%401.com.html
INFO: [ app_init ] --START--
INFO: Run Behavior\BuildLiteBehavior [ RunTime:0.000142s ]
INFO: [ app_init ] --END-- [ RunTime:0.003179s ]

[ 2018-03-27T16:44:42+08:00 ] ::1 /tp3/
INFO: [ app_init ] --START--
INFO: Run Behavior\BuildLiteBehavior [ RunTime:0.000175s ]
INFO: [ app_init ] --END-- [ RunTime:0.002066s ]

[ 2018-03-27T16:44:56+08:00 ] ::1 /tp3/Home/sign/SignUp.html
INFO: [ app_init ] --START--
INFO: Run Behavior\BuildLiteBehavior [ RunTime:0.000023s ]
INFO: [ app_init ] --END-- [ RunTime:0.000390s ]

[ 2018-03-27T16:44:56+08:00 ] ::1 /tp3/Home/Home/index/email/1%401.com.html
INFO: [ app_init ] --START--
INFO: Run Behavior\BuildLiteBehavior [ RunTime:0.000041s ]
INFO: [ app_init ] --END-- [ RunTime:0.000899s ]

[ 2018-03-27T16:45:41+08:00 ] ::1 /tp3/Home/Home/index/email/1%401.com.html
INFO: [ app_init ] --START--
INFO: Run Behavior\BuildLiteBehavior [ RunTime:0.000088s ]
INFO: [ app_init ] --END-- [ RunTime:0.001275s ]

[ 2018-03-27T16:47:00+08:00 ] ::1 /tp3/Home/message/apply
INFO: [ app_init ] --START--
INFO: Run Behavior\BuildLiteBehavior [ RunTime:0.000042s ]
INFO: [ app_init ] --END-- [ RunTime:0.000726s ]

[ 2018-03-27T16:47:30+08:00 ] ::1 /tp3/
INFO: [ app_init ] --START--
INFO: Run Behavior\BuildLiteBehavior [ RunTime:0.000084s ]
INFO: [ app_init ] --END-- [ RunTime:0.001460s ]

[ 2018-03-27T16:47:37+08:00 ] ::1 /tp3/Home/message/apply
INFO: [ app_init ] --START--
INFO: Run Behavior\BuildLiteBehavior [ RunTime:0.000022s ]
INFO: [ app_init ] --END-- [ RunTime:0.000361s ]

[ 2018-03-27T16:48:17+08:00 ] ::1 /tp3/Home/message/apply
INFO: [ app_init ] --START--
INFO: Run Behavior\BuildLiteBehavior [ RunTime:0.000024s ]
INFO: [ app_init ] --END-- [ RunTime:0.000408s ]

[ 2018-03-27T16:48:19+08:00 ] ::1 /tp3/
INFO: [ app_init ] --START--
INFO: Run Behavior\BuildLiteBehavior [ RunTime:0.000041s ]
INFO: [ app_init ] --END-- [ RunTime:0.000533s ]

[ 2018-03-27T16:48:25+08:00 ] ::1 /tp3/Home/sign/SignUp.html
INFO: [ app_init ] --START--
INFO: Run Behavior\BuildLiteBehavior [ RunTime:0.000039s ]
INFO: [ app_init ] --END-- [ RunTime:0.000817s ]

[ 2018-03-27T16:48:25+08:00 ] ::1 /tp3/Home/Home/index/email/1%401.com.html
INFO: [ app_init ] --START--
INFO: Run Behavior\BuildLiteBehavior [ RunTime:0.000034s ]
INFO: [ app_init ] --END-- [ RunTime:0.001867s ]

[ 2018-03-27T16:48:26+08:00 ] ::1 /tp3/Home/message/apply
INFO: [ app_init ] --START--
INFO: Run Behavior\BuildLiteBehavior [ RunTime:0.000024s ]
INFO: [ app_init ] --END-- [ RunTime:0.000383s ]

[ 2018-03-27T16:49:27+08:00 ] ::1 /tp3/
INFO: [ app_init ] --START--
INFO: Run Behavior\BuildLiteBehavior [ RunTime:0.000022s ]
INFO: [ app_init ] --END-- [ RunTime:0.000351s ]

[ 2018-03-27T16:49:33+08:00 ] ::1 /tp3/Home/sign/SignUp.html
INFO: [ app_init ] --START--
INFO: Run Behavior\BuildLiteBehavior [ RunTime:0.000024s ]
INFO: [ app_init ] --END-- [ RunTime:0.000398s ]

[ 2018-03-27T16:49:33+08:00 ] ::1 /tp3/Home/Home/index/email/1%401.com.html
INFO: [ app_init ] --START--
INFO: Run Behavior\BuildLiteBehavior [ RunTime:0.000022s ]
INFO: [ app_init ] --END-- [ RunTime:0.000374s ]

[ 2018-03-27T16:49:35+08:00 ] ::1 /tp3/Home/message/apply.html
INFO: [ app_init ] --START--
INFO: Run Behavior\BuildLiteBehavior [ RunTime:0.000022s ]
INFO: [ app_init ] --END-- [ RunTime:0.000392s ]

[ 2018-03-27T16:50:03+08:00 ] ::1 /tp3/Home/message/apply.html
INFO: [ app_init ] --START--
INFO: Run Behavior\BuildLiteBehavior [ RunTime:0.000023s ]
INFO: [ app_init ] --END-- [ RunTime:0.000371s ]

[ 2018-03-27T16:52:26+08:00 ] ::1 /tp3/Home/message/apply.html
INFO: [ app_init ] --START--
INFO: Run Behavior\BuildLiteBehavior [ RunTime:0.000061s ]
INFO: [ app_init ] --END-- [ RunTime:0.000989s ]

[ 2018-03-27T16:52:38+08:00 ] ::1 /tp3/
INFO: [ app_init ] --START--
INFO: Run Behavior\BuildLiteBehavior [ RunTime:0.000037s ]
INFO: [ app_init ] --END-- [ RunTime:0.000578s ]

[ 2018-03-27T16:52:43+08:00 ] ::1 /tp3/Home/sign/SignUp.html
INFO: [ app_init ] --START--
INFO: Run Behavior\BuildLiteBehavior [ RunTime:0.000024s ]
INFO: [ app_init ] --END-- [ RunTime:0.000390s ]

[ 2018-03-27T16:52:43+08:00 ] ::1 /tp3/Home/Home/index/email/1%401.com.html
INFO: [ app_init ] --START--
INFO: Run Behavior\BuildLiteBehavior [ RunTime:0.000039s ]
INFO: [ app_init ] --END-- [ RunTime:0.000735s ]

[ 2018-03-27T16:52:44+08:00 ] ::1 /tp3/Home/message/apply.html
INFO: [ app_init ] --START--
INFO: Run Behavior\BuildLiteBehavior [ RunTime:0.000023s ]
INFO: [ app_init ] --END-- [ RunTime:0.000375s ]

[ 2018-03-27T16:57:03+08:00 ] ::1 /tp3/
INFO: [ app_init ] --START--
INFO: Run Behavior\BuildLiteBehavior [ RunTime:0.000022s ]
INFO: [ app_init ] --END-- [ RunTime:0.000362s ]

[ 2018-03-27T16:57:08+08:00 ] ::1 /tp3/Home/sign/SignUp.html
INFO: [ app_init ] --START--
INFO: Run Behavior\BuildLiteBehavior [ RunTime:0.000022s ]
INFO: [ app_init ] --END-- [ RunTime:0.000802s ]

[ 2018-03-27T16:57:08+08:00 ] ::1 /tp3/Home/Home/index/email/1%401.com.html
INFO: [ app_init ] --START--
INFO: Run Behavior\BuildLiteBehavior [ RunTime:0.000022s ]
INFO: [ app_init ] --END-- [ RunTime:0.000380s ]

[ 2018-03-27T16:57:09+08:00 ] ::1 /tp3/Home/message/apply.html
INFO: [ app_init ] --START--
INFO: Run Behavior\BuildLiteBehavior [ RunTime:0.000034s ]
INFO: [ app_init ] --END-- [ RunTime:0.000426s ]
ERR: 1064:You have an error in your SQL syntax; check the manual that corresponds to your MySQL server version for the right syntax to use near 'egt 7 AND name=$name ) LIMIT 1' at line 1
 [ SQL语句 ] : SELECT * FROM `think_user` WHERE ( level egt 7 AND name=$name ) LIMIT 1  

[ 2018-03-27T16:57:35+08:00 ] ::1 /tp3/Home/message/apply.html
INFO: [ app_init ] --START--
INFO: Run Behavior\BuildLiteBehavior [ RunTime:0.000034s ]
INFO: [ app_init ] --END-- [ RunTime:0.000486s ]
ERR: 1064:You have an error in your SQL syntax; check the manual that corresponds to your MySQL server version for the right syntax to use near 'egt 7 AND name="$name" ) LIMIT 1' at line 1
 [ SQL语句 ] : SELECT * FROM `think_user` WHERE ( level egt 7 AND name="$name" ) LIMIT 1  

[ 2018-03-27T17:00:29+08:00 ] ::1 /tp3/Home/message/apply.html
INFO: [ app_init ] --START--
INFO: Run Behavior\BuildLiteBehavior [ RunTime:0.000020s ]
INFO: [ app_init ] --END-- [ RunTime:0.000376s ]

[ 2018-03-27T17:04:52+08:00 ] ::1 /tp3/
INFO: [ app_init ] --START--
INFO: Run Behavior\BuildLiteBehavior [ RunTime:0.000023s ]
INFO: [ app_init ] --END-- [ RunTime:0.000417s ]

[ 2018-03-27T17:13:20+08:00 ] ::1 /tp3/Home/message/apply.html
INFO: [ app_init ] --START--
INFO: Run Behavior\BuildLiteBehavior [ RunTime:0.000022s ]
INFO: [ app_init ] --END-- [ RunTime:0.000398s ]

[ 2018-03-27T17:13:23+08:00 ] ::1 /tp3/Home/home/index.html
INFO: [ app_init ] --START--
INFO: Run Behavior\BuildLiteBehavior [ RunTime:0.000020s ]
INFO: [ app_init ] --END-- [ RunTime:0.000380s ]
ERR: 参数错误或者未定义:email

[ 2018-03-27T17:13:31+08:00 ] ::1 /tp3/Home/sign/SignUp.html
INFO: [ app_init ] --START--
INFO: Run Behavior\BuildLiteBehavior [ RunTime:0.000215s ]
INFO: [ app_init ] --END-- [ RunTime:0.003567s ]

[ 2018-03-27T17:13:31+08:00 ] ::1 /tp3/Home/Home/index/email/1%401.com.html
INFO: [ app_init ] --START--
INFO: Run Behavior\BuildLiteBehavior [ RunTime:0.000038s ]
INFO: [ app_init ] --END-- [ RunTime:0.000623s ]

[ 2018-03-27T17:13:32+08:00 ] ::1 /tp3/Home/message/apply.html
INFO: [ app_init ] --START--
INFO: Run Behavior\BuildLiteBehavior [ RunTime:0.000038s ]
INFO: [ app_init ] --END-- [ RunTime:0.000619s ]

[ 2018-03-27T17:13:35+08:00 ] ::1 /tp3/home/index/%7B$userinfo['email'].html
INFO: [ app_init ] --START--
INFO: Run Behavior\BuildLiteBehavior [ RunTime:0.000041s ]
INFO: [ app_init ] --END-- [ RunTime:0.000790s ]
ERR: 非法操作:{$userinfo['email']

[ 2018-03-27T17:15:09+08:00 ] ::1 /tp3/Home/sign/SignUp.html
INFO: [ app_init ] --START--
INFO: Run Behavior\BuildLiteBehavior [ RunTime:0.000021s ]
INFO: [ app_init ] --END-- [ RunTime:0.000369s ]

[ 2018-03-27T17:15:09+08:00 ] ::1 /tp3/Home/Home/index/email/1%401.com.html
INFO: [ app_init ] --START--
INFO: Run Behavior\BuildLiteBehavior [ RunTime:0.000037s ]
INFO: [ app_init ] --END-- [ RunTime:0.000707s ]

[ 2018-03-27T17:15:10+08:00 ] ::1 /tp3/Home/message/apply.html
INFO: [ app_init ] --START--
INFO: Run Behavior\BuildLiteBehavior [ RunTime:0.000025s ]
INFO: [ app_init ] --END-- [ RunTime:0.000434s ]

[ 2018-03-27T17:15:13+08:00 ] ::1 /tp3/home/index/7.html
INFO: [ app_init ] --START--
INFO: Run Behavior\BuildLiteBehavior [ RunTime:0.000027s ]
INFO: [ app_init ] --END-- [ RunTime:0.000621s ]
ERR: 非法操作:7

[ 2018-03-27T17:15:55+08:00 ] ::1 /tp3/Home/message/apply.html
INFO: [ app_init ] --START--
INFO: Run Behavior\BuildLiteBehavior [ RunTime:0.000021s ]
INFO: [ app_init ] --END-- [ RunTime:0.000367s ]

[ 2018-03-27T17:15:58+08:00 ] ::1 /tp3/Home/home/index.html
INFO: [ app_init ] --START--
INFO: Run Behavior\BuildLiteBehavior [ RunTime:0.000021s ]
INFO: [ app_init ] --END-- [ RunTime:0.000379s ]
ERR: 参数错误或者未定义:email

[ 2018-03-27T17:16:05+08:00 ] ::1 /tp3/Home/sign/SignUp.html
INFO: [ app_init ] --START--
INFO: Run Behavior\BuildLiteBehavior [ RunTime:0.000027s ]
INFO: [ app_init ] --END-- [ RunTime:0.000582s ]

[ 2018-03-27T17:16:05+08:00 ] ::1 /tp3/Home/Home/index/email/1%401.com.html
INFO: [ app_init ] --START--
INFO: Run Behavior\BuildLiteBehavior [ RunTime:0.000033s ]
INFO: [ app_init ] --END-- [ RunTime:0.000532s ]

[ 2018-03-27T17:16:06+08:00 ] ::1 /tp3/Home/message/apply.html
INFO: [ app_init ] --START--
INFO: Run Behavior\BuildLiteBehavior [ RunTime:0.000022s ]
INFO: [ app_init ] --END-- [ RunTime:0.000399s ]

[ 2018-03-27T17:16:09+08:00 ] ::1 /tp3/Home/home/index.html
INFO: [ app_init ] --START--
INFO: Run Behavior\BuildLiteBehavior [ RunTime:0.000069s ]
INFO: [ app_init ] --END-- [ RunTime:0.001826s ]
ERR: 参数错误或者未定义:email

[ 2018-03-27T17:16:49+08:00 ] ::1 /tp3/
INFO: [ app_init ] --START--
INFO: Run Behavior\BuildLiteBehavior [ RunTime:0.000035s ]
INFO: [ app_init ] --END-- [ RunTime:0.000583s ]

[ 2018-03-27T17:16:53+08:00 ] ::1 /tp3/Home/sign/SignUp.html
INFO: [ app_init ] --START--
INFO: Run Behavior\BuildLiteBehavior [ RunTime:0.000032s ]
INFO: [ app_init ] --END-- [ RunTime:0.000428s ]

[ 2018-03-27T17:16:53+08:00 ] ::1 /tp3/Home/Home/index/email/1%401.com.html
INFO: [ app_init ] --START--
INFO: Run Behavior\BuildLiteBehavior [ RunTime:0.000022s ]
INFO: [ app_init ] --END-- [ RunTime:0.000398s ]

[ 2018-03-27T17:16:54+08:00 ] ::1 /tp3/Home/message/apply.html
INFO: [ app_init ] --START--
INFO: Run Behavior\BuildLiteBehavior [ RunTime:0.000113s ]
INFO: [ app_init ] --END-- [ RunTime:0.002393s ]

[ 2018-03-27T17:16:58+08:00 ] ::1 /tp3/Home/home/index.html
INFO: [ app_init ] --START--
INFO: Run Behavior\BuildLiteBehavior [ RunTime:0.000077s ]
INFO: [ app_init ] --END-- [ RunTime:0.001582s ]
ERR: 参数错误或者未定义:email

[ 2018-03-27T17:17:11+08:00 ] ::1 /tp3/Home/home/index.html
INFO: [ app_init ] --START--
INFO: Run Behavior\BuildLiteBehavior [ RunTime:0.000035s ]
INFO: [ app_init ] --END-- [ RunTime:0.000572s ]
ERR: 参数错误或者未定义:email

[ 2018-03-27T17:17:15+08:00 ] ::1 /tp3/Home/message/apply.html
INFO: [ app_init ] --START--
INFO: Run Behavior\BuildLiteBehavior [ RunTime:0.000031s ]
INFO: [ app_init ] --END-- [ RunTime:0.000422s ]

[ 2018-03-27T17:17:18+08:00 ] ::1 /tp3/Home/home/index.html
INFO: [ app_init ] --START--
INFO: Run Behavior\BuildLiteBehavior [ RunTime:0.000022s ]
INFO: [ app_init ] --END-- [ RunTime:0.000390s ]
ERR: 参数错误或者未定义:email

[ 2018-03-27T17:19:11+08:00 ] ::1 /tp3/
INFO: [ app_init ] --START--
INFO: Run Behavior\BuildLiteBehavior [ RunTime:0.000046s ]
INFO: [ app_init ] --END-- [ RunTime:0.000944s ]

[ 2018-03-27T17:19:15+08:00 ] ::1 /tp3/Home/sign/SignUp.html
INFO: [ app_init ] --START--
INFO: Run Behavior\BuildLiteBehavior [ RunTime:0.000022s ]
INFO: [ app_init ] --END-- [ RunTime:0.000372s ]

[ 2018-03-27T17:19:15+08:00 ] ::1 /tp3/Home/Home/index/email/1%401.com.html
INFO: [ app_init ] --START--
INFO: Run Behavior\BuildLiteBehavior [ RunTime:0.000023s ]
INFO: [ app_init ] --END-- [ RunTime:0.000435s ]

[ 2018-03-27T17:19:16+08:00 ] ::1 /tp3/Home/message/apply.html
INFO: [ app_init ] --START--
INFO: Run Behavior\BuildLiteBehavior [ RunTime:0.000050s ]
INFO: [ app_init ] --END-- [ RunTime:0.000812s ]

[ 2018-03-27T17:19:19+08:00 ] ::1 /tp3/Home/home/index/email/7.html
INFO: [ app_init ] --START--
INFO: Run Behavior\BuildLiteBehavior [ RunTime:0.000023s ]
INFO: [ app_init ] --END-- [ RunTime:0.000403s ]

[ 2018-03-27T17:19:56+08:00 ] ::1 /tp3/
INFO: [ app_init ] --START--
INFO: Run Behavior\BuildLiteBehavior [ RunTime:0.000026s ]
INFO: [ app_init ] --END-- [ RunTime:0.000631s ]

[ 2018-03-27T17:20:00+08:00 ] ::1 /tp3/Home/sign/SignUp.html
INFO: [ app_init ] --START--
INFO: Run Behavior\BuildLiteBehavior [ RunTime:0.000041s ]
INFO: [ app_init ] --END-- [ RunTime:0.001214s ]

[ 2018-03-27T17:20:00+08:00 ] ::1 /tp3/Home/Home/index/email/1%401.com.html
INFO: [ app_init ] --START--
INFO: Run Behavior\BuildLiteBehavior [ RunTime:0.000039s ]
INFO: [ app_init ] --END-- [ RunTime:0.000789s ]

[ 2018-03-27T17:20:01+08:00 ] ::1 /tp3/Home/message/apply.html
INFO: [ app_init ] --START--
INFO: Run Behavior\BuildLiteBehavior [ RunTime:0.000033s ]
INFO: [ app_init ] --END-- [ RunTime:0.000427s ]

[ 2018-03-27T17:20:32+08:00 ] ::1 /tp3/Home/message/apply.html
INFO: [ app_init ] --START--
INFO: Run Behavior\BuildLiteBehavior [ RunTime:0.000021s ]
INFO: [ app_init ] --END-- [ RunTime:0.000373s ]

[ 2018-03-27T18:46:22+08:00 ] ::1 /tp3/
INFO: [ app_init ] --START--
INFO: Run Behavior\BuildLiteBehavior [ RunTime:0.000038s ]
INFO: [ app_init ] --END-- [ RunTime:0.000710s ]

[ 2018-03-27T18:46:27+08:00 ] ::1 /tp3/Home/sign/SignUp.html
INFO: [ app_init ] --START--
INFO: Run Behavior\BuildLiteBehavior [ RunTime:0.000044s ]
INFO: [ app_init ] --END-- [ RunTime:0.000733s ]

[ 2018-03-27T18:46:27+08:00 ] ::1 /tp3/Home/Home/index/email/1%401.com.html
INFO: [ app_init ] --START--
INFO: Run Behavior\BuildLiteBehavior [ RunTime:0.000034s ]
INFO: [ app_init ] --END-- [ RunTime:0.000625s ]

[ 2018-03-27T18:46:28+08:00 ] ::1 /tp3/Home/message/apply.html
INFO: [ app_init ] --START--
INFO: Run Behavior\BuildLiteBehavior [ RunTime:0.000024s ]
INFO: [ app_init ] --END-- [ RunTime:0.000407s ]

[ 2018-03-27T18:48:25+08:00 ] ::1 /tp3/
INFO: [ app_init ] --START--
INFO: Run Behavior\BuildLiteBehavior [ RunTime:0.000024s ]
INFO: [ app_init ] --END-- [ RunTime:0.000578s ]

[ 2018-03-27T18:48:30+08:00 ] ::1 /tp3/Home/sign/SignUp.html
INFO: [ app_init ] --START--
INFO: Run Behavior\BuildLiteBehavior [ RunTime:0.000037s ]
INFO: [ app_init ] --END-- [ RunTime:0.000659s ]

[ 2018-03-27T18:48:30+08:00 ] ::1 /tp3/Home/Home/index/email/1%401.com.html
INFO: [ app_init ] --START--
INFO: Run Behavior\BuildLiteBehavior [ RunTime:0.000034s ]
INFO: [ app_init ] --END-- [ RunTime:0.000594s ]

[ 2018-03-27T18:48:31+08:00 ] ::1 /tp3/Home/message/apply.html
INFO: [ app_init ] --START--
INFO: Run Behavior\BuildLiteBehavior [ RunTime:0.000037s ]
INFO: [ app_init ] --END-- [ RunTime:0.000569s ]

[ 2018-03-27T18:49:38+08:00 ] ::1 /tp3/Home/message/apply.html
INFO: [ app_init ] --START--
INFO: Run Behavior\BuildLiteBehavior [ RunTime:0.000141s ]
INFO: [ app_init ] --END-- [ RunTime:0.004384s ]

[ 2018-03-27T18:58:15+08:00 ] ::1 /tp3/
INFO: [ app_init ] --START--
INFO: Run Behavior\BuildLiteBehavior [ RunTime:0.000026s ]
INFO: [ app_init ] --END-- [ RunTime:0.000544s ]

[ 2018-03-27T18:58:20+08:00 ] ::1 /tp3/Home/sign/SignUp.html
INFO: [ app_init ] --START--
INFO: Run Behavior\BuildLiteBehavior [ RunTime:0.000037s ]
INFO: [ app_init ] --END-- [ RunTime:0.000633s ]

[ 2018-03-27T18:58:20+08:00 ] ::1 /tp3/Home/Home/index/email/1%401.com.html
INFO: [ app_init ] --START--
INFO: Run Behavior\BuildLiteBehavior [ RunTime:0.000034s ]
INFO: [ app_init ] --END-- [ RunTime:0.000668s ]

[ 2018-03-27T18:58:22+08:00 ] ::1 /tp3/Home/message/apply.html
INFO: [ app_init ] --START--
INFO: Run Behavior\BuildLiteBehavior [ RunTime:0.000038s ]
INFO: [ app_init ] --END-- [ RunTime:0.000608s ]

[ 2018-03-27T18:59:39+08:00 ] ::1 /tp3/Home/message/apply.html
INFO: [ app_init ] --START--
INFO: Run Behavior\BuildLiteBehavior [ RunTime:0.000023s ]
INFO: [ app_init ] --END-- [ RunTime:0.000395s ]

[ 2018-03-27T19:00:13+08:00 ] ::1 /tp3/Home/message/apply.html
INFO: [ app_init ] --START--
INFO: Run Behavior\BuildLiteBehavior [ RunTime:0.000022s ]
INFO: [ app_init ] --END-- [ RunTime:0.000412s ]

[ 2018-03-27T19:00:24+08:00 ] ::1 /tp3/
INFO: [ app_init ] --START--
INFO: Run Behavior\BuildLiteBehavior [ RunTime:0.000038s ]
INFO: [ app_init ] --END-- [ RunTime:0.000641s ]

[ 2018-03-27T19:10:36+08:00 ] ::1 /tp3/
INFO: [ app_init ] --START--
INFO: Run Behavior\BuildLiteBehavior [ RunTime:0.000036s ]
INFO: [ app_init ] --END-- [ RunTime:0.000586s ]

[ 2018-03-27T19:10:40+08:00 ] ::1 /tp3/Home/sign/SignUp.html
INFO: [ app_init ] --START--
INFO: Run Behavior\BuildLiteBehavior [ RunTime:0.000023s ]
INFO: [ app_init ] --END-- [ RunTime:0.000389s ]

[ 2018-03-27T19:10:41+08:00 ] ::1 /tp3/Home/Home/index/email/1%401.com.html
INFO: [ app_init ] --START--
INFO: Run Behavior\BuildLiteBehavior [ RunTime:0.000103s ]
INFO: [ app_init ] --END-- [ RunTime:0.000738s ]

[ 2018-03-27T19:10:53+08:00 ] ::1 /tp3/Home/Home/index/email/1%401.com.html
INFO: [ app_init ] --START--
INFO: Run Behavior\BuildLiteBehavior [ RunTime:0.000024s ]
INFO: [ app_init ] --END-- [ RunTime:0.000444s ]

[ 2018-03-27T19:11:12+08:00 ] ::1 /tp3/Home/Home/index/email/1%401.com.html
INFO: [ app_init ] --START--
INFO: Run Behavior\BuildLiteBehavior [ RunTime:0.000037s ]
INFO: [ app_init ] --END-- [ RunTime:0.000569s ]

[ 2018-03-27T19:17:09+08:00 ] ::1 /tp3/Home/Home/index/email/1%401.com.html
INFO: [ app_init ] --START--
INFO: Run Behavior\BuildLiteBehavior [ RunTime:0.000024s ]
INFO: [ app_init ] --END-- [ RunTime:0.000395s ]

[ 2018-03-27T19:17:22+08:00 ] ::1 /tp3/Home/Home/index/email/1%401.com.html
INFO: [ app_init ] --START--
INFO: Run Behavior\BuildLiteBehavior [ RunTime:0.000024s ]
INFO: [ app_init ] --END-- [ RunTime:0.000428s ]

[ 2018-03-27T19:19:07+08:00 ] ::1 /tp3/Home/Home/index/email/1%401.com.html
INFO: [ app_init ] --START--
INFO: Run Behavior\BuildLiteBehavior [ RunTime:0.000034s ]
INFO: [ app_init ] --END-- [ RunTime:0.001048s ]

[ 2018-03-27T19:20:02+08:00 ] ::1 /tp3/Home/Home/index/email/1%401.com.html
INFO: [ app_init ] --START--
INFO: Run Behavior\BuildLiteBehavior [ RunTime:0.000045s ]
INFO: [ app_init ] --END-- [ RunTime:0.001128s ]

[ 2018-03-27T19:24:16+08:00 ] ::1 /tp3/Home/Home/index/email/1%401.com.html
INFO: [ app_init ] --START--
INFO: Run Behavior\BuildLiteBehavior [ RunTime:0.000023s ]
INFO: [ app_init ] --END-- [ RunTime:0.000412s ]

[ 2018-03-27T19:25:10+08:00 ] ::1 /tp3/Home/Home/index/email/1%401.com.html
INFO: [ app_init ] --START--
INFO: Run Behavior\BuildLiteBehavior [ RunTime:0.000023s ]
INFO: [ app_init ] --END-- [ RunTime:0.000375s ]

[ 2018-03-27T19:25:45+08:00 ] ::1 /tp3/Home/Home/index/email/1%401.com.html
INFO: [ app_init ] --START--
INFO: Run Behavior\BuildLiteBehavior [ RunTime:0.000022s ]
INFO: [ app_init ] --END-- [ RunTime:0.000372s ]

[ 2018-03-27T19:27:00+08:00 ] ::1 /tp3/Home/Home/index/email/1%401.com.html
INFO: [ app_init ] --START--
INFO: Run Behavior\BuildLiteBehavior [ RunTime:0.000026s ]
INFO: [ app_init ] --END-- [ RunTime:0.000946s ]

[ 2018-03-27T19:27:35+08:00 ] ::1 /tp3/Home/Home/index/email/1%401.com.html
INFO: [ app_init ] --START--
INFO: Run Behavior\BuildLiteBehavior [ RunTime:0.000022s ]
INFO: [ app_init ] --END-- [ RunTime:0.000359s ]

[ 2018-03-27T19:27:55+08:00 ] ::1 /tp3/Home/Home/index/email/1%401.com.html
INFO: [ app_init ] --START--
INFO: Run Behavior\BuildLiteBehavior [ RunTime:0.000104s ]
INFO: [ app_init ] --END-- [ RunTime:0.001618s ]

[ 2018-03-27T19:30:53+08:00 ] ::1 /tp3/Home/Home/index/email/2%402.com.html
INFO: [ app_init ] --START--
INFO: Run Behavior\BuildLiteBehavior [ RunTime:0.000025s ]
INFO: [ app_init ] --END-- [ RunTime:0.000494s ]

[ 2018-03-27T19:35:07+08:00 ] ::1 /tp3/
INFO: [ app_init ] --START--
INFO: Run Behavior\BuildLiteBehavior [ RunTime:0.000038s ]
INFO: [ app_init ] --END-- [ RunTime:0.000633s ]

[ 2018-03-27T19:35:13+08:00 ] ::1 /tp3/Home/sign/SignUp.html
INFO: [ app_init ] --START--
INFO: Run Behavior\BuildLiteBehavior [ RunTime:0.000042s ]
INFO: [ app_init ] --END-- [ RunTime:0.000763s ]

[ 2018-03-27T19:35:19+08:00 ] ::1 /tp3/Home/sign/SignIn.html
INFO: [ app_init ] --START--
INFO: Run Behavior\BuildLiteBehavior [ RunTime:0.000056s ]
INFO: [ app_init ] --END-- [ RunTime:0.001193s ]

[ 2018-03-27T19:35:20+08:00 ] ::1 /tp3/Home/index/index.html
INFO: [ app_init ] --START--
INFO: Run Behavior\BuildLiteBehavior [ RunTime:0.000022s ]
INFO: [ app_init ] --END-- [ RunTime:0.000374s ]

[ 2018-03-27T19:36:07+08:00 ] ::1 /tp3/Home/Sign/SignIn
INFO: [ app_init ] --START--
INFO: Run Behavior\BuildLiteBehavior [ RunTime:0.000025s ]
INFO: [ app_init ] --END-- [ RunTime:0.000424s ]

[ 2018-03-27T19:36:08+08:00 ] ::1 /tp3/Home/index/index.html
INFO: [ app_init ] --START--
INFO: Run Behavior\BuildLiteBehavior [ RunTime:0.000026s ]
INFO: [ app_init ] --END-- [ RunTime:0.000398s ]

[ 2018-03-27T19:38:18+08:00 ] ::1 /tp3/Home/sign/SignIn.html
INFO: [ app_init ] --START--
INFO: Run Behavior\BuildLiteBehavior [ RunTime:0.000029s ]
INFO: [ app_init ] --END-- [ RunTime:0.000705s ]

[ 2018-03-27T19:38:32+08:00 ] ::1 /tp3/Home/sign/index.html
INFO: [ app_init ] --START--
INFO: Run Behavior\BuildLiteBehavior [ RunTime:0.000024s ]
INFO: [ app_init ] --END-- [ RunTime:0.000395s ]

[ 2018-03-27T19:38:52+08:00 ] ::1 /tp3/Home/sign/SignIn.html
INFO: [ app_init ] --START--
INFO: Run Behavior\BuildLiteBehavior [ RunTime:0.000024s ]
INFO: [ app_init ] --END-- [ RunTime:0.000404s ]

[ 2018-03-27T19:38:54+08:00 ] ::1 /tp3/Home/index/index.html
INFO: [ app_init ] --START--
INFO: Run Behavior\BuildLiteBehavior [ RunTime:0.000024s ]
INFO: [ app_init ] --END-- [ RunTime:0.000410s ]

[ 2018-03-27T19:40:02+08:00 ] ::1 /tp3/Home/sign/index.html
INFO: [ app_init ] --START--
INFO: Run Behavior\BuildLiteBehavior [ RunTime:0.000024s ]
INFO: [ app_init ] --END-- [ RunTime:0.000385s ]

[ 2018-03-27T19:40:16+08:00 ] ::1 /tp3/Home/sign/SignIn.html
INFO: [ app_init ] --START--
INFO: Run Behavior\BuildLiteBehavior [ RunTime:0.000025s ]
INFO: [ app_init ] --END-- [ RunTime:0.000449s ]

[ 2018-03-27T19:40:17+08:00 ] ::1 /tp3/Home/index/index.html
INFO: [ app_init ] --START--
INFO: Run Behavior\BuildLiteBehavior [ RunTime:0.000022s ]
INFO: [ app_init ] --END-- [ RunTime:0.000357s ]

[ 2018-03-27T19:41:28+08:00 ] ::1 /tp3/Home/sign/SignIn.html
INFO: [ app_init ] --START--
INFO: Run Behavior\BuildLiteBehavior [ RunTime:0.000023s ]
INFO: [ app_init ] --END-- [ RunTime:0.000387s ]

[ 2018-03-27T19:41:29+08:00 ] ::1 /tp3/Home/index/index.html
INFO: [ app_init ] --START--
INFO: Run Behavior\BuildLiteBehavior [ RunTime:0.000058s ]
INFO: [ app_init ] --END-- [ RunTime:0.001414s ]

[ 2018-03-27T19:41:58+08:00 ] ::1 /tp3/Home/Home/index/email/3%403.com.html
INFO: [ app_init ] --START--
INFO: Run Behavior\BuildLiteBehavior [ RunTime:0.000077s ]
INFO: [ app_init ] --END-- [ RunTime:0.000977s ]

[ 2018-03-27T19:45:35+08:00 ] ::1 /tp3/Home/Home/index/email/1%401.com.html
INFO: [ app_init ] --START--
INFO: Run Behavior\BuildLiteBehavior [ RunTime:0.000049s ]
INFO: [ app_init ] --END-- [ RunTime:0.000582s ]

[ 2018-03-27T20:10:31+08:00 ] 127.0.0.1 /tp3/Home/sign/SignUp.html
INFO: [ app_init ] --START--
INFO: Run Behavior\BuildLiteBehavior [ RunTime:0.000040s ]
INFO: [ app_init ] --END-- [ RunTime:0.000425s ]

[ 2018-03-27T20:10:31+08:00 ] 127.0.0.1 /tp3/Home/Home/index/email/2%402.com.html
INFO: [ app_init ] --START--
INFO: Run Behavior\BuildLiteBehavior [ RunTime:0.000021s ]
INFO: [ app_init ] --END-- [ RunTime:0.000390s ]

