[ 2018-03-28T13:08:12+08:00 ] ::1 /tp3/Home/train/outpack
INFO: [ app_init ] --START--
INFO: Run Behavior\BuildLiteBehavior [ RunTime:0.000043s ]
INFO: [ app_init ] --END-- [ RunTime:0.014168s ]

[ 2018-03-28T13:12:41+08:00 ] ::1 /tp3/Home/train/outpack
INFO: [ app_init ] --START--
INFO: Run Behavior\BuildLiteBehavior [ RunTime:0.000022s ]
INFO: [ app_init ] --END-- [ RunTime:0.000348s ]

[ 2018-03-28T13:15:15+08:00 ] ::1 /tp3/Home/train/outpack
INFO: [ app_init ] --START--
INFO: Run Behavior\BuildLiteBehavior [ RunTime:0.000026s ]
INFO: [ app_init ] --END-- [ RunTime:0.000424s ]

[ 2018-03-28T13:15:24+08:00 ] ::1 /tp3/Home/train/outpack
INFO: [ app_init ] --START--
INFO: Run Behavior\BuildLiteBehavior [ RunTime:0.000024s ]
INFO: [ app_init ] --END-- [ RunTime:0.000379s ]

[ 2018-03-28T13:16:19+08:00 ] ::1 /tp3/Home/train/outpack
INFO: [ app_init ] --START--
INFO: Run Behavior\BuildLiteBehavior [ RunTime:0.000023s ]
INFO: [ app_init ] --END-- [ RunTime:0.000358s ]

[ 2018-03-28T13:19:26+08:00 ] ::1 /tp3/Home/train/outpack
INFO: [ app_init ] --START--
INFO: Run Behavior\BuildLiteBehavior [ RunTime:0.000038s ]
INFO: [ app_init ] --END-- [ RunTime:0.000609s ]

[ 2018-03-28T13:19:35+08:00 ] ::1 /tp3/Home/train/outpack
INFO: [ app_init ] --START--
INFO: Run Behavior\BuildLiteBehavior [ RunTime:0.000023s ]
INFO: [ app_init ] --END-- [ RunTime:0.000362s ]

[ 2018-03-28T13:20:33+08:00 ] ::1 /tp3/Home/train/outpack
INFO: [ app_init ] --START--
INFO: Run Behavior\BuildLiteBehavior [ RunTime:0.000037s ]
INFO: [ app_init ] --END-- [ RunTime:0.000515s ]

[ 2018-03-28T13:21:20+08:00 ] ::1 /tp3/Home/train/outpack
INFO: [ app_init ] --START--
INFO: Run Behavior\BuildLiteBehavior [ RunTime:0.000027s ]
INFO: [ app_init ] --END-- [ RunTime:0.000386s ]

[ 2018-03-28T13:24:19+08:00 ] ::1 /tp3/Home/train/outpack
INFO: [ app_init ] --START--
INFO: Run Behavior\BuildLiteBehavior [ RunTime:0.000021s ]
INFO: [ app_init ] --END-- [ RunTime:0.000371s ]

[ 2018-03-28T13:26:24+08:00 ] ::1 /tp3/Home/train/outpack
INFO: [ app_init ] --START--
INFO: Run Behavior\BuildLiteBehavior [ RunTime:0.000038s ]
INFO: [ app_init ] --END-- [ RunTime:0.000594s ]

[ 2018-03-28T13:26:37+08:00 ] ::1 /tp3/Home/train/outpack
INFO: [ app_init ] --START--
INFO: Run Behavior\BuildLiteBehavior [ RunTime:0.000022s ]
INFO: [ app_init ] --END-- [ RunTime:0.000355s ]

[ 2018-03-28T13:32:23+08:00 ] ::1 /tp3/Home/train/outpack
INFO: [ app_init ] --START--
INFO: Run Behavior\BuildLiteBehavior [ RunTime:0.000035s ]
INFO: [ app_init ] --END-- [ RunTime:0.000563s ]

[ 2018-03-28T13:33:27+08:00 ] ::1 /tp3/Home/train/outpack
INFO: [ app_init ] --START--
INFO: Run Behavior\BuildLiteBehavior [ RunTime:0.000025s ]
INFO: [ app_init ] --END-- [ RunTime:0.000410s ]

[ 2018-03-28T13:33:49+08:00 ] ::1 /tp3/Home/train/outpack
INFO: [ app_init ] --START--
INFO: Run Behavior\BuildLiteBehavior [ RunTime:0.000052s ]
INFO: [ app_init ] --END-- [ RunTime:0.000884s ]

[ 2018-03-28T13:34:04+08:00 ] ::1 /tp3/Home/train/outpack
INFO: [ app_init ] --START--
INFO: Run Behavior\BuildLiteBehavior [ RunTime:0.000035s ]
INFO: [ app_init ] --END-- [ RunTime:0.000502s ]

[ 2018-03-28T13:34:13+08:00 ] ::1 /tp3/Home/train/outpack
INFO: [ app_init ] --START--
INFO: Run Behavior\BuildLiteBehavior [ RunTime:0.000022s ]
INFO: [ app_init ] --END-- [ RunTime:0.000375s ]

[ 2018-03-28T13:34:35+08:00 ] ::1 /tp3/Home/train/outpack
INFO: [ app_init ] --START--
INFO: Run Behavior\BuildLiteBehavior [ RunTime:0.000022s ]
INFO: [ app_init ] --END-- [ RunTime:0.000317s ]

[ 2018-03-28T13:35:12+08:00 ] ::1 /tp3/Home/train/outpack
INFO: [ app_init ] --START--
INFO: Run Behavior\BuildLiteBehavior [ RunTime:0.000036s ]
INFO: [ app_init ] --END-- [ RunTime:0.000553s ]

[ 2018-03-28T13:36:05+08:00 ] ::1 /tp3/Home/train/outpack
INFO: [ app_init ] --START--
INFO: Run Behavior\BuildLiteBehavior [ RunTime:0.000024s ]
INFO: [ app_init ] --END-- [ RunTime:0.000400s ]

[ 2018-03-28T13:37:02+08:00 ] ::1 /tp3/Home/train/outpack
INFO: [ app_init ] --START--
INFO: Run Behavior\BuildLiteBehavior [ RunTime:0.000038s ]
INFO: [ app_init ] --END-- [ RunTime:0.000553s ]

[ 2018-03-28T13:38:09+08:00 ] ::1 /tp3/Home/train/outpack
INFO: [ app_init ] --START--
INFO: Run Behavior\BuildLiteBehavior [ RunTime:0.000206s ]
INFO: [ app_init ] --END-- [ RunTime:0.003015s ]

[ 2018-03-28T13:38:53+08:00 ] ::1 /tp3/Home/train/outpack
INFO: [ app_init ] --START--
INFO: Run Behavior\BuildLiteBehavior [ RunTime:0.000036s ]
INFO: [ app_init ] --END-- [ RunTime:0.000535s ]

[ 2018-03-28T13:39:32+08:00 ] ::1 /tp3/Home/train/outpack
INFO: [ app_init ] --START--
INFO: Run Behavior\BuildLiteBehavior [ RunTime:0.000022s ]
INFO: [ app_init ] --END-- [ RunTime:0.000338s ]

[ 2018-03-28T13:40:19+08:00 ] ::1 /tp3/Home/train/outpack
INFO: [ app_init ] --START--
INFO: Run Behavior\BuildLiteBehavior [ RunTime:0.000038s ]
INFO: [ app_init ] --END-- [ RunTime:0.000534s ]

[ 2018-03-28T13:41:04+08:00 ] ::1 /tp3/Home/train/outpack
INFO: [ app_init ] --START--
INFO: Run Behavior\BuildLiteBehavior [ RunTime:0.000036s ]
INFO: [ app_init ] --END-- [ RunTime:0.000581s ]

[ 2018-03-28T13:41:31+08:00 ] ::1 /tp3/Home/train/outpack
INFO: [ app_init ] --START--
INFO: Run Behavior\BuildLiteBehavior [ RunTime:0.000030s ]
INFO: [ app_init ] --END-- [ RunTime:0.000492s ]

[ 2018-03-28T13:42:12+08:00 ] ::1 /tp3/Home/train/outpack
INFO: [ app_init ] --START--
INFO: Run Behavior\BuildLiteBehavior [ RunTime:0.000030s ]
INFO: [ app_init ] --END-- [ RunTime:0.000428s ]

[ 2018-03-28T13:44:21+08:00 ] ::1 /tp3/Home/train/outpack
INFO: [ app_init ] --START--
INFO: Run Behavior\BuildLiteBehavior [ RunTime:0.000024s ]
INFO: [ app_init ] --END-- [ RunTime:0.000491s ]

[ 2018-03-28T13:44:59+08:00 ] ::1 /tp3/
INFO: [ app_init ] --START--
INFO: Run Behavior\BuildLiteBehavior [ RunTime:0.000041s ]
INFO: [ app_init ] --END-- [ RunTime:0.000629s ]

[ 2018-03-28T13:45:04+08:00 ] ::1 /tp3/Home/sign/SignUp.html
INFO: [ app_init ] --START--
INFO: Run Behavior\BuildLiteBehavior [ RunTime:0.000023s ]
INFO: [ app_init ] --END-- [ RunTime:0.000348s ]

[ 2018-03-28T13:45:04+08:00 ] ::1 /tp3/Home/Home/index/email/2%402.com.html
INFO: [ app_init ] --START--
INFO: Run Behavior\BuildLiteBehavior [ RunTime:0.000041s ]
INFO: [ app_init ] --END-- [ RunTime:0.000687s ]

[ 2018-03-28T13:46:13+08:00 ] ::1 /tp3/Home/sign/SignUp.html
INFO: [ app_init ] --START--
INFO: Run Behavior\BuildLiteBehavior [ RunTime:0.000049s ]
INFO: [ app_init ] --END-- [ RunTime:0.000607s ]

[ 2018-03-28T13:46:13+08:00 ] ::1 /tp3/Home/Home/index/email/2%402.com.html
INFO: [ app_init ] --START--
INFO: Run Behavior\BuildLiteBehavior [ RunTime:0.000023s ]
INFO: [ app_init ] --END-- [ RunTime:0.000341s ]

[ 2018-03-28T13:46:50+08:00 ] ::1 /tp3/Home/Home/index/email/2%402.com.html
INFO: [ app_init ] --START--
INFO: Run Behavior\BuildLiteBehavior [ RunTime:0.000037s ]
INFO: [ app_init ] --END-- [ RunTime:0.000685s ]

[ 2018-03-28T13:46:52+08:00 ] ::1 /tp3/Home/Home/index/email/2%402.com.html
INFO: [ app_init ] --START--
INFO: Run Behavior\BuildLiteBehavior [ RunTime:0.000022s ]
INFO: [ app_init ] --END-- [ RunTime:0.000319s ]

[ 2018-03-28T13:49:27+08:00 ] ::1 /tp3/Home/Home/index/email/2%402.com.html
INFO: [ app_init ] --START--
INFO: Run Behavior\BuildLiteBehavior [ RunTime:0.000027s ]
INFO: [ app_init ] --END-- [ RunTime:0.000780s ]

[ 2018-03-28T13:51:38+08:00 ] ::1 /tp3/Home/Home/index/email/2%402.com.html
INFO: [ app_init ] --START--
INFO: Run Behavior\BuildLiteBehavior [ RunTime:0.000043s ]
INFO: [ app_init ] --END-- [ RunTime:0.000769s ]

[ 2018-03-28T13:52:09+08:00 ] ::1 /tp3/Home/Home/index/email/2%402.com.html
INFO: [ app_init ] --START--
INFO: Run Behavior\BuildLiteBehavior [ RunTime:0.000021s ]
INFO: [ app_init ] --END-- [ RunTime:0.000341s ]

[ 2018-03-28T13:52:18+08:00 ] ::1 /tp3/Home/Home/index/email/2%402.com.html
INFO: [ app_init ] --START--
INFO: Run Behavior\BuildLiteBehavior [ RunTime:0.000022s ]
INFO: [ app_init ] --END-- [ RunTime:0.000318s ]

[ 2018-03-28T13:52:26+08:00 ] ::1 /tp3/Home/Home/index/email/2%402.com.html
INFO: [ app_init ] --START--
INFO: Run Behavior\BuildLiteBehavior [ RunTime:0.000021s ]
INFO: [ app_init ] --END-- [ RunTime:0.000321s ]

[ 2018-03-28T14:01:39+08:00 ] ::1 /tp3/Home/Home/index/email/2%402.com.html
INFO: [ app_init ] --START--
INFO: Run Behavior\BuildLiteBehavior [ RunTime:0.000021s ]
INFO: [ app_init ] --END-- [ RunTime:0.000396s ]

[ 2018-03-28T14:02:47+08:00 ] ::1 /tp3/Home/Home/index/email/2%402.com.html
INFO: [ app_init ] --START--
INFO: Run Behavior\BuildLiteBehavior [ RunTime:0.000023s ]
INFO: [ app_init ] --END-- [ RunTime:0.000333s ]

[ 2018-03-28T14:03:03+08:00 ] ::1 /tp3/Home/Home/index/email/2%402.com.html
INFO: [ app_init ] --START--
INFO: Run Behavior\BuildLiteBehavior [ RunTime:0.000025s ]
INFO: [ app_init ] --END-- [ RunTime:0.000407s ]

[ 2018-03-28T14:03:57+08:00 ] ::1 /tp3/Home/Home/index/email/2%402.com.html
INFO: [ app_init ] --START--
INFO: Run Behavior\BuildLiteBehavior [ RunTime:0.000024s ]
INFO: [ app_init ] --END-- [ RunTime:0.000363s ]

[ 2018-03-28T14:04:26+08:00 ] ::1 /tp3/Home/Home/index/email/2%402.com.html
INFO: [ app_init ] --START--
INFO: Run Behavior\BuildLiteBehavior [ RunTime:0.000062s ]
INFO: [ app_init ] --END-- [ RunTime:0.001037s ]

[ 2018-03-28T14:04:28+08:00 ] ::1 /tp3/Home/Home/index/email/2%402.com.html
INFO: [ app_init ] --START--
INFO: Run Behavior\BuildLiteBehavior [ RunTime:0.000023s ]
INFO: [ app_init ] --END-- [ RunTime:0.000340s ]

[ 2018-03-28T14:05:14+08:00 ] ::1 /tp3/Home/Home/index/email/2%402.com.html
INFO: [ app_init ] --START--
INFO: Run Behavior\BuildLiteBehavior [ RunTime:0.000053s ]
INFO: [ app_init ] --END-- [ RunTime:0.001072s ]

[ 2018-03-28T14:05:15+08:00 ] ::1 /tp3/Home/Home/index/email/2%402.com.html
INFO: [ app_init ] --START--
INFO: Run Behavior\BuildLiteBehavior [ RunTime:0.000036s ]
INFO: [ app_init ] --END-- [ RunTime:0.000502s ]

[ 2018-03-28T14:05:39+08:00 ] ::1 /tp3/Home/Home/index/email/2%402.com.html
INFO: [ app_init ] --START--
INFO: Run Behavior\BuildLiteBehavior [ RunTime:0.000022s ]
INFO: [ app_init ] --END-- [ RunTime:0.000324s ]

[ 2018-03-28T14:05:41+08:00 ] ::1 /tp3/Home/Home/index/email/2%402.com.html
INFO: [ app_init ] --START--
INFO: Run Behavior\BuildLiteBehavior [ RunTime:0.000020s ]
INFO: [ app_init ] --END-- [ RunTime:0.000315s ]

[ 2018-03-28T14:06:04+08:00 ] ::1 /tp3/
INFO: [ app_init ] --START--
INFO: Run Behavior\BuildLiteBehavior [ RunTime:0.000032s ]
INFO: [ app_init ] --END-- [ RunTime:0.000503s ]

[ 2018-03-28T14:06:09+08:00 ] ::1 /tp3/Home/sign/SignUp.html
INFO: [ app_init ] --START--
INFO: Run Behavior\BuildLiteBehavior [ RunTime:0.000034s ]
INFO: [ app_init ] --END-- [ RunTime:0.000487s ]

[ 2018-03-28T14:06:09+08:00 ] ::1 /tp3/Home/Home/index/email/2%402.com.html
INFO: [ app_init ] --START--
INFO: Run Behavior\BuildLiteBehavior [ RunTime:0.000021s ]
INFO: [ app_init ] --END-- [ RunTime:0.000322s ]

[ 2018-03-28T14:09:01+08:00 ] ::1 /tp3/Home/Home/index/email/2%402.com.html
INFO: [ app_init ] --START--
INFO: Run Behavior\BuildLiteBehavior [ RunTime:0.000079s ]
INFO: [ app_init ] --END-- [ RunTime:0.001450s ]

[ 2018-03-28T14:09:08+08:00 ] ::1 /tp3/Home/train/outpack.html
INFO: [ app_init ] --START--
INFO: Run Behavior\BuildLiteBehavior [ RunTime:0.000056s ]
INFO: [ app_init ] --END-- [ RunTime:0.000383s ]

[ 2018-03-28T14:10:37+08:00 ] ::1 /tp3/Home/train/outpack.html
INFO: [ app_init ] --START--
INFO: Run Behavior\BuildLiteBehavior [ RunTime:0.000020s ]
INFO: [ app_init ] --END-- [ RunTime:0.000333s ]

[ 2018-03-28T14:12:41+08:00 ] ::1 /tp3/Home/Home/index/email/2%402.com.html
INFO: [ app_init ] --START--
INFO: Run Behavior\BuildLiteBehavior [ RunTime:0.000157s ]
INFO: [ app_init ] --END-- [ RunTime:0.002937s ]

[ 2018-03-28T14:13:10+08:00 ] ::1 /tp3/Home/Home/index/email/2%402.com.html
INFO: [ app_init ] --START--
INFO: Run Behavior\BuildLiteBehavior [ RunTime:0.000037s ]
INFO: [ app_init ] --END-- [ RunTime:0.000547s ]

[ 2018-03-28T14:14:01+08:00 ] ::1 /tp3/Home/Home/index/email/2%402.com.html
INFO: [ app_init ] --START--
INFO: Run Behavior\BuildLiteBehavior [ RunTime:0.000023s ]
INFO: [ app_init ] --END-- [ RunTime:0.000827s ]

[ 2018-03-28T14:14:55+08:00 ] ::1 /tp3/Home/Home/index/email/2%402.com.html
INFO: [ app_init ] --START--
INFO: Run Behavior\BuildLiteBehavior [ RunTime:0.000025s ]
INFO: [ app_init ] --END-- [ RunTime:0.000389s ]

[ 2018-03-28T14:16:00+08:00 ] ::1 /tp3/Home/train/outpack.html
INFO: [ app_init ] --START--
INFO: Run Behavior\BuildLiteBehavior [ RunTime:0.000021s ]
INFO: [ app_init ] --END-- [ RunTime:0.000353s ]

[ 2018-03-28T14:16:16+08:00 ] ::1 /tp3/Home/train/outpack.html
INFO: [ app_init ] --START--
INFO: Run Behavior\BuildLiteBehavior [ RunTime:0.000022s ]
INFO: [ app_init ] --END-- [ RunTime:0.000332s ]

[ 2018-03-28T14:17:06+08:00 ] ::1 /tp3/Home/train/outpack.html
INFO: [ app_init ] --START--
INFO: Run Behavior\BuildLiteBehavior [ RunTime:0.000030s ]
INFO: [ app_init ] --END-- [ RunTime:0.000491s ]

[ 2018-03-28T14:17:34+08:00 ] ::1 /tp3/Home/train/outpack.html
INFO: [ app_init ] --START--
INFO: Run Behavior\BuildLiteBehavior [ RunTime:0.000021s ]
INFO: [ app_init ] --END-- [ RunTime:0.000340s ]

[ 2018-03-28T14:18:40+08:00 ] ::1 /tp3/Home/train/outpack.html
INFO: [ app_init ] --START--
INFO: Run Behavior\BuildLiteBehavior [ RunTime:0.000023s ]
INFO: [ app_init ] --END-- [ RunTime:0.000587s ]

[ 2018-03-28T14:19:21+08:00 ] ::1 /tp3/Home/train/outpack.html
INFO: [ app_init ] --START--
INFO: Run Behavior\BuildLiteBehavior [ RunTime:0.000020s ]
INFO: [ app_init ] --END-- [ RunTime:0.000335s ]

[ 2018-03-28T14:19:40+08:00 ] ::1 /tp3/Home/train/outpack.html
INFO: [ app_init ] --START--
INFO: Run Behavior\BuildLiteBehavior [ RunTime:0.000023s ]
INFO: [ app_init ] --END-- [ RunTime:0.000360s ]

[ 2018-03-28T14:19:48+08:00 ] ::1 /tp3/Home/train/outpack.html
INFO: [ app_init ] --START--
INFO: Run Behavior\BuildLiteBehavior [ RunTime:0.000033s ]
INFO: [ app_init ] --END-- [ RunTime:0.000500s ]

[ 2018-03-28T14:20:19+08:00 ] ::1 /tp3/Home/train/outpack.html
INFO: [ app_init ] --START--
INFO: Run Behavior\BuildLiteBehavior [ RunTime:0.000025s ]
INFO: [ app_init ] --END-- [ RunTime:0.000351s ]

[ 2018-03-28T14:20:42+08:00 ] ::1 /tp3/Home/train/outpack.html
INFO: [ app_init ] --START--
INFO: Run Behavior\BuildLiteBehavior [ RunTime:0.000103s ]
INFO: [ app_init ] --END-- [ RunTime:0.000820s ]

[ 2018-03-28T14:22:29+08:00 ] ::1 /tp3/Home/train/outpack.html
INFO: [ app_init ] --START--
INFO: Run Behavior\BuildLiteBehavior [ RunTime:0.000023s ]
INFO: [ app_init ] --END-- [ RunTime:0.000388s ]

[ 2018-03-28T14:32:37+08:00 ] ::1 /tp3/Home/train/outpack.html
INFO: [ app_init ] --START--
INFO: Run Behavior\BuildLiteBehavior [ RunTime:0.000022s ]
INFO: [ app_init ] --END-- [ RunTime:0.000354s ]

[ 2018-03-28T14:33:50+08:00 ] ::1 /tp3/Home/train/outpack.html
INFO: [ app_init ] --START--
INFO: Run Behavior\BuildLiteBehavior [ RunTime:0.000022s ]
INFO: [ app_init ] --END-- [ RunTime:0.000330s ]

[ 2018-03-28T14:33:53+08:00 ] ::1 /tp3/Home/Train/outpack_check.html
INFO: [ app_init ] --START--
INFO: Run Behavior\BuildLiteBehavior [ RunTime:0.000022s ]
INFO: [ app_init ] --END-- [ RunTime:0.000343s ]

[ 2018-03-28T14:34:00+08:00 ] ::1 /tp3/Home/Train/outpack_check.html
INFO: [ app_init ] --START--
INFO: Run Behavior\BuildLiteBehavior [ RunTime:0.000022s ]
INFO: [ app_init ] --END-- [ RunTime:0.000351s ]

[ 2018-03-28T15:00:59+08:00 ] ::1 /tp3/
INFO: [ app_init ] --START--
INFO: Run Behavior\BuildLiteBehavior [ RunTime:0.000037s ]
INFO: [ app_init ] --END-- [ RunTime:0.000478s ]

[ 2018-03-28T15:01:04+08:00 ] ::1 /tp3/Home/sign/SignUp.html
INFO: [ app_init ] --START--
INFO: Run Behavior\BuildLiteBehavior [ RunTime:0.000043s ]
INFO: [ app_init ] --END-- [ RunTime:0.000823s ]

[ 2018-03-28T15:01:05+08:00 ] ::1 /tp3/Home/Home/index/email/2%402.com.html
INFO: [ app_init ] --START--
INFO: Run Behavior\BuildLiteBehavior [ RunTime:0.000037s ]
INFO: [ app_init ] --END-- [ RunTime:0.000603s ]

[ 2018-03-28T15:01:07+08:00 ] ::1 /tp3/Home/train/outpack.html
INFO: [ app_init ] --START--
INFO: Run Behavior\BuildLiteBehavior [ RunTime:0.000021s ]
INFO: [ app_init ] --END-- [ RunTime:0.000324s ]

[ 2018-03-28T15:01:16+08:00 ] ::1 /tp3/Home/Train/outpack_check.html
INFO: [ app_init ] --START--
INFO: Run Behavior\BuildLiteBehavior [ RunTime:0.000024s ]
INFO: [ app_init ] --END-- [ RunTime:0.000468s ]

[ 2018-03-28T15:01:19+08:00 ] ::1 /tp3/Home/home/index/0/email.html
INFO: [ app_init ] --START--
INFO: Run Behavior\BuildLiteBehavior [ RunTime:0.000021s ]
INFO: [ app_init ] --END-- [ RunTime:0.000317s ]
ERR: 参数错误或者未定义:email

[ 2018-03-28T15:01:38+08:00 ] ::1 /tp3/Home/home/index/0/email.html
INFO: [ app_init ] --START--
INFO: Run Behavior\BuildLiteBehavior [ RunTime:0.000055s ]
INFO: [ app_init ] --END-- [ RunTime:0.001029s ]
ERR: 参数错误或者未定义:email

[ 2018-03-28T15:01:42+08:00 ] ::1 /tp3/Home/home/index/0/email.html
INFO: [ app_init ] --START--
INFO: Run Behavior\BuildLiteBehavior [ RunTime:0.000021s ]
INFO: [ app_init ] --END-- [ RunTime:0.000316s ]
ERR: 参数错误或者未定义:email

[ 2018-03-28T15:01:46+08:00 ] ::1 /tp3/Home/Train/outpack_check.html
INFO: [ app_init ] --START--
INFO: Run Behavior\BuildLiteBehavior [ RunTime:0.000022s ]
INFO: [ app_init ] --END-- [ RunTime:0.000333s ]

[ 2018-03-28T15:01:49+08:00 ] ::1 /tp3/Home/home/index.html
INFO: [ app_init ] --START--
INFO: Run Behavior\BuildLiteBehavior [ RunTime:0.000034s ]
INFO: [ app_init ] --END-- [ RunTime:0.000494s ]
ERR: 参数错误或者未定义:email

[ 2018-03-28T15:02:41+08:00 ] ::1 /tp3/Home/train/outpack.html
INFO: [ app_init ] --START--
INFO: Run Behavior\BuildLiteBehavior [ RunTime:0.000034s ]
INFO: [ app_init ] --END-- [ RunTime:0.000828s ]

[ 2018-03-28T15:02:47+08:00 ] ::1 /tp3/Home/Train/outpack_check.html
INFO: [ app_init ] --START--
INFO: Run Behavior\BuildLiteBehavior [ RunTime:0.000021s ]
INFO: [ app_init ] --END-- [ RunTime:0.000320s ]

[ 2018-03-28T15:02:50+08:00 ] ::1 /tp3/Home/home/index.html
INFO: [ app_init ] --START--
INFO: Run Behavior\BuildLiteBehavior [ RunTime:0.000040s ]
INFO: [ app_init ] --END-- [ RunTime:0.000590s ]
ERR: 参数错误或者未定义:email

[ 2018-03-28T15:03:26+08:00 ] ::1 /tp3/Home/Train/outpack_check.html
INFO: [ app_init ] --START--
INFO: Run Behavior\BuildLiteBehavior [ RunTime:0.000031s ]
INFO: [ app_init ] --END-- [ RunTime:0.000496s ]

[ 2018-03-28T15:03:29+08:00 ] ::1 /tp3/Home/home/index.html
INFO: [ app_init ] --START--
INFO: Run Behavior\BuildLiteBehavior [ RunTime:0.000041s ]
INFO: [ app_init ] --END-- [ RunTime:0.000583s ]
ERR: 参数错误或者未定义:email

[ 2018-03-28T15:03:31+08:00 ] ::1 /tp3/
INFO: [ app_init ] --START--
INFO: Run Behavior\BuildLiteBehavior [ RunTime:0.000076s ]
INFO: [ app_init ] --END-- [ RunTime:0.002075s ]

[ 2018-03-28T15:03:36+08:00 ] ::1 /tp3/Home/sign/SignUp.html
INFO: [ app_init ] --START--
INFO: Run Behavior\BuildLiteBehavior [ RunTime:0.000025s ]
INFO: [ app_init ] --END-- [ RunTime:0.000586s ]

[ 2018-03-28T15:03:36+08:00 ] ::1 /tp3/Home/Home/index/email/2%402.com.html
INFO: [ app_init ] --START--
INFO: Run Behavior\BuildLiteBehavior [ RunTime:0.000023s ]
INFO: [ app_init ] --END-- [ RunTime:0.000365s ]

[ 2018-03-28T15:03:37+08:00 ] ::1 /tp3/Home/train/outpack.html
INFO: [ app_init ] --START--
INFO: Run Behavior\BuildLiteBehavior [ RunTime:0.000021s ]
INFO: [ app_init ] --END-- [ RunTime:0.000340s ]

[ 2018-03-28T15:03:42+08:00 ] ::1 /tp3/Home/Train/outpack_check.html
INFO: [ app_init ] --START--
INFO: Run Behavior\BuildLiteBehavior [ RunTime:0.000021s ]
INFO: [ app_init ] --END-- [ RunTime:0.000355s ]

[ 2018-03-28T15:03:45+08:00 ] ::1 /tp3/Home/home/index.html
INFO: [ app_init ] --START--
INFO: Run Behavior\BuildLiteBehavior [ RunTime:0.000023s ]
INFO: [ app_init ] --END-- [ RunTime:0.000340s ]
ERR: 参数错误或者未定义:email

[ 2018-03-28T15:04:48+08:00 ] ::1 /tp3/
INFO: [ app_init ] --START--
INFO: Run Behavior\BuildLiteBehavior [ RunTime:0.000028s ]
INFO: [ app_init ] --END-- [ RunTime:0.000393s ]

[ 2018-03-28T15:04:52+08:00 ] ::1 /tp3/Home/sign/SignUp.html
INFO: [ app_init ] --START--
INFO: Run Behavior\BuildLiteBehavior [ RunTime:0.000025s ]
INFO: [ app_init ] --END-- [ RunTime:0.000402s ]

[ 2018-03-28T15:04:52+08:00 ] ::1 /tp3/Home/Home/index/email/2%402.com.html
INFO: [ app_init ] --START--
INFO: Run Behavior\BuildLiteBehavior [ RunTime:0.000022s ]
INFO: [ app_init ] --END-- [ RunTime:0.000334s ]

[ 2018-03-28T15:04:53+08:00 ] ::1 /tp3/Home/train/outpack.html
INFO: [ app_init ] --START--
INFO: Run Behavior\BuildLiteBehavior [ RunTime:0.000035s ]
INFO: [ app_init ] --END-- [ RunTime:0.000502s ]

[ 2018-03-28T15:04:57+08:00 ] ::1 /tp3/Home/Train/outpack_check.html
INFO: [ app_init ] --START--
INFO: Run Behavior\BuildLiteBehavior [ RunTime:0.000034s ]
INFO: [ app_init ] --END-- [ RunTime:0.000500s ]

[ 2018-03-28T15:05:00+08:00 ] ::1 /tp3/Home/home/index/email/2%402.com.html
INFO: [ app_init ] --START--
INFO: Run Behavior\BuildLiteBehavior [ RunTime:0.000080s ]
INFO: [ app_init ] --END-- [ RunTime:0.001210s ]

[ 2018-03-28T15:05:14+08:00 ] ::1 /tp3/Home/train/outpack.html
INFO: [ app_init ] --START--
INFO: Run Behavior\BuildLiteBehavior [ RunTime:0.000023s ]
INFO: [ app_init ] --END-- [ RunTime:0.000338s ]

[ 2018-03-28T15:05:19+08:00 ] ::1 /tp3/Home/Train/outpack_check.html
INFO: [ app_init ] --START--
INFO: Run Behavior\BuildLiteBehavior [ RunTime:0.000029s ]
INFO: [ app_init ] --END-- [ RunTime:0.000609s ]

[ 2018-03-28T15:05:22+08:00 ] ::1 /tp3/Home/home/index/email/2%402.com.html
INFO: [ app_init ] --START--
INFO: Run Behavior\BuildLiteBehavior [ RunTime:0.000035s ]
INFO: [ app_init ] --END-- [ RunTime:0.000544s ]

[ 2018-03-28T15:06:25+08:00 ] ::1 /tp3/Home/home/index/email/2%402.com.html
INFO: [ app_init ] --START--
INFO: Run Behavior\BuildLiteBehavior [ RunTime:0.000036s ]
INFO: [ app_init ] --END-- [ RunTime:0.000562s ]

[ 2018-03-28T15:06:26+08:00 ] ::1 /tp3/Home/train/outpack.html
INFO: [ app_init ] --START--
INFO: Run Behavior\BuildLiteBehavior [ RunTime:0.000030s ]
INFO: [ app_init ] --END-- [ RunTime:0.000558s ]

[ 2018-03-28T15:06:30+08:00 ] ::1 /tp3/Home/Train/outpack_check.html
INFO: [ app_init ] --START--
INFO: Run Behavior\BuildLiteBehavior [ RunTime:0.000023s ]
INFO: [ app_init ] --END-- [ RunTime:0.000342s ]

[ 2018-03-28T15:06:34+08:00 ] ::1 /tp3/Home/home/index/email/2%402.com.html
INFO: [ app_init ] --START--
INFO: Run Behavior\BuildLiteBehavior [ RunTime:0.000024s ]
INFO: [ app_init ] --END-- [ RunTime:0.000353s ]

[ 2018-03-28T15:07:30+08:00 ] ::1 /tp3/Home/home/index/email/2%402.com.html
INFO: [ app_init ] --START--
INFO: Run Behavior\BuildLiteBehavior [ RunTime:0.000026s ]
INFO: [ app_init ] --END-- [ RunTime:0.000350s ]

[ 2018-03-28T15:07:30+08:00 ] ::1 /tp3/Home/train/outpack.html
INFO: [ app_init ] --START--
INFO: Run Behavior\BuildLiteBehavior [ RunTime:0.000022s ]
INFO: [ app_init ] --END-- [ RunTime:0.000327s ]

[ 2018-03-28T15:07:35+08:00 ] ::1 /tp3/Home/Train/outpack_check.html
INFO: [ app_init ] --START--
INFO: Run Behavior\BuildLiteBehavior [ RunTime:0.000023s ]
INFO: [ app_init ] --END-- [ RunTime:0.000331s ]

[ 2018-03-28T15:07:38+08:00 ] ::1 /tp3/Home/home/index/email/2%402.com.html
INFO: [ app_init ] --START--
INFO: Run Behavior\BuildLiteBehavior [ RunTime:0.000021s ]
INFO: [ app_init ] --END-- [ RunTime:0.000340s ]

[ 2018-03-28T15:11:27+08:00 ] ::1 /tp3/Home/train/outpack.html
INFO: [ app_init ] --START--
INFO: Run Behavior\BuildLiteBehavior [ RunTime:0.000067s ]
INFO: [ app_init ] --END-- [ RunTime:0.001038s ]

[ 2018-03-28T15:11:32+08:00 ] ::1 /tp3/Home/Train/outpack_check.html
INFO: [ app_init ] --START--
INFO: Run Behavior\BuildLiteBehavior [ RunTime:0.000022s ]
INFO: [ app_init ] --END-- [ RunTime:0.000330s ]

[ 2018-03-28T15:11:35+08:00 ] ::1 /tp3/Home/home/index/email/2%402.com.html
INFO: [ app_init ] --START--
INFO: Run Behavior\BuildLiteBehavior [ RunTime:0.000023s ]
INFO: [ app_init ] --END-- [ RunTime:0.000334s ]

[ 2018-03-28T15:11:52+08:00 ] ::1 /tp3/Home/train/outpack.html
INFO: [ app_init ] --START--
INFO: Run Behavior\BuildLiteBehavior [ RunTime:0.000022s ]
INFO: [ app_init ] --END-- [ RunTime:0.000322s ]

[ 2018-03-28T15:11:56+08:00 ] ::1 /tp3/Home/Train/outpack_check.html
INFO: [ app_init ] --START--
INFO: Run Behavior\BuildLiteBehavior [ RunTime:0.000052s ]
INFO: [ app_init ] --END-- [ RunTime:0.000478s ]

[ 2018-03-28T15:11:59+08:00 ] ::1 /tp3/Home/home/index/email/2%402.com.html
INFO: [ app_init ] --START--
INFO: Run Behavior\BuildLiteBehavior [ RunTime:0.000066s ]
INFO: [ app_init ] --END-- [ RunTime:0.001153s ]

[ 2018-03-28T15:12:19+08:00 ] ::1 /tp3/Home/train/outpack.html
INFO: [ app_init ] --START--
INFO: Run Behavior\BuildLiteBehavior [ RunTime:0.000022s ]
INFO: [ app_init ] --END-- [ RunTime:0.000339s ]

[ 2018-03-28T15:12:22+08:00 ] ::1 /tp3/Home/Train/outpack_check.html
INFO: [ app_init ] --START--
INFO: Run Behavior\BuildLiteBehavior [ RunTime:0.000045s ]
INFO: [ app_init ] --END-- [ RunTime:0.000752s ]

[ 2018-03-28T15:12:26+08:00 ] ::1 /tp3/Home/home/index/email/2%402.com.html
INFO: [ app_init ] --START--
INFO: Run Behavior\BuildLiteBehavior [ RunTime:0.000035s ]
INFO: [ app_init ] --END-- [ RunTime:0.000496s ]

[ 2018-03-28T15:13:06+08:00 ] ::1 /tp3/Home/train/outpack.html
INFO: [ app_init ] --START--
INFO: Run Behavior\BuildLiteBehavior [ RunTime:0.000024s ]
INFO: [ app_init ] --END-- [ RunTime:0.000364s ]

[ 2018-03-28T15:13:10+08:00 ] ::1 /tp3/Home/Train/outpack_check.html
INFO: [ app_init ] --START--
INFO: Run Behavior\BuildLiteBehavior [ RunTime:0.000023s ]
INFO: [ app_init ] --END-- [ RunTime:0.000346s ]

[ 2018-03-28T15:16:49+08:00 ] ::1 /tp3/Home/train/outpack.html
INFO: [ app_init ] --START--
INFO: Run Behavior\BuildLiteBehavior [ RunTime:0.000024s ]
INFO: [ app_init ] --END-- [ RunTime:0.000389s ]

[ 2018-03-28T15:16:54+08:00 ] ::1 /tp3/Home/Train/outpack_check.html
INFO: [ app_init ] --START--
INFO: Run Behavior\BuildLiteBehavior [ RunTime:0.000039s ]
INFO: [ app_init ] --END-- [ RunTime:0.000508s ]

[ 2018-03-28T15:30:39+08:00 ] ::1 /tp3/
INFO: [ app_init ] --START--
INFO: Run Behavior\BuildLiteBehavior [ RunTime:0.000024s ]
INFO: [ app_init ] --END-- [ RunTime:0.000450s ]

[ 2018-03-28T15:30:46+08:00 ] ::1 /tp3/Home/sign/SignUp.html
INFO: [ app_init ] --START--
INFO: Run Behavior\BuildLiteBehavior [ RunTime:0.000022s ]
INFO: [ app_init ] --END-- [ RunTime:0.000487s ]

[ 2018-03-28T15:30:46+08:00 ] ::1 /tp3/Home/Home/index/email/1%401.com.html
INFO: [ app_init ] --START--
INFO: Run Behavior\BuildLiteBehavior [ RunTime:0.000138s ]
INFO: [ app_init ] --END-- [ RunTime:0.004413s ]

[ 2018-03-28T15:30:47+08:00 ] ::1 /tp3/Home/message/high_apply.html
INFO: [ app_init ] --START--
INFO: Run Behavior\BuildLiteBehavior [ RunTime:0.000050s ]
INFO: [ app_init ] --END-- [ RunTime:0.001110s ]

[ 2018-03-28T15:30:49+08:00 ] ::1 /tp3/Home/home/index/email/1%401.com.html
INFO: [ app_init ] --START--
INFO: Run Behavior\BuildLiteBehavior [ RunTime:0.000046s ]
INFO: [ app_init ] --END-- [ RunTime:0.001399s ]

[ 2018-03-28T15:44:28+08:00 ] ::1 /tp3/
INFO: [ app_init ] --START--
INFO: Run Behavior\BuildLiteBehavior [ RunTime:0.000036s ]
INFO: [ app_init ] --END-- [ RunTime:0.000618s ]

[ 2018-03-28T15:44:33+08:00 ] ::1 /tp3/Home/sign/SignUp.html
INFO: [ app_init ] --START--
INFO: Run Behavior\BuildLiteBehavior [ RunTime:0.000039s ]
INFO: [ app_init ] --END-- [ RunTime:0.000712s ]

[ 2018-03-28T15:44:33+08:00 ] ::1 /tp3/Home/Home/index/email/2%402.com.html
INFO: [ app_init ] --START--
INFO: Run Behavior\BuildLiteBehavior [ RunTime:0.000045s ]
INFO: [ app_init ] --END-- [ RunTime:0.000738s ]

[ 2018-03-28T15:44:35+08:00 ] ::1 /tp3/Home/train/outpack.html
INFO: [ app_init ] --START--
INFO: Run Behavior\BuildLiteBehavior [ RunTime:0.000037s ]
INFO: [ app_init ] --END-- [ RunTime:0.000610s ]

[ 2018-03-28T15:44:41+08:00 ] ::1 /tp3/Home/Train/outpack_check.html
INFO: [ app_init ] --START--
INFO: Run Behavior\BuildLiteBehavior [ RunTime:0.000025s ]
INFO: [ app_init ] --END-- [ RunTime:0.000419s ]

[ 2018-03-28T15:44:44+08:00 ] ::1 /tp3/Home/home/index/email/2%402.com.html
INFO: [ app_init ] --START--
INFO: Run Behavior\BuildLiteBehavior [ RunTime:0.000021s ]
INFO: [ app_init ] --END-- [ RunTime:0.000356s ]

[ 2018-03-28T15:44:49+08:00 ] ::1 /tp3/Home/train/outpack.html
INFO: [ app_init ] --START--
INFO: Run Behavior\BuildLiteBehavior [ RunTime:0.000024s ]
INFO: [ app_init ] --END-- [ RunTime:0.000409s ]

[ 2018-03-28T15:44:54+08:00 ] ::1 /tp3/Home/Train/outpack_check.html
INFO: [ app_init ] --START--
INFO: Run Behavior\BuildLiteBehavior [ RunTime:0.000041s ]
INFO: [ app_init ] --END-- [ RunTime:0.000529s ]

[ 2018-03-28T15:44:55+08:00 ] ::1 /tp3/Home/home/index.html
INFO: [ app_init ] --START--
INFO: Run Behavior\BuildLiteBehavior [ RunTime:0.000022s ]
INFO: [ app_init ] --END-- [ RunTime:0.000387s ]
ERR: 参数错误或者未定义:email

[ 2018-03-28T15:47:34+08:00 ] ::1 /tp3/
INFO: [ app_init ] --START--
INFO: Run Behavior\BuildLiteBehavior [ RunTime:0.000035s ]
INFO: [ app_init ] --END-- [ RunTime:0.002166s ]

[ 2018-03-28T15:47:38+08:00 ] ::1 /tp3/Home/sign/SignUp.html
INFO: [ app_init ] --START--
INFO: Run Behavior\BuildLiteBehavior [ RunTime:0.000024s ]
INFO: [ app_init ] --END-- [ RunTime:0.000405s ]

[ 2018-03-28T15:47:38+08:00 ] ::1 /tp3/Home/Home/index/email/2%402.com.html
INFO: [ app_init ] --START--
INFO: Run Behavior\BuildLiteBehavior [ RunTime:0.000029s ]
INFO: [ app_init ] --END-- [ RunTime:0.000750s ]

[ 2018-03-28T15:47:39+08:00 ] ::1 /tp3/Home/train/outpack.html
INFO: [ app_init ] --START--
INFO: Run Behavior\BuildLiteBehavior [ RunTime:0.000024s ]
INFO: [ app_init ] --END-- [ RunTime:0.000424s ]

[ 2018-03-28T15:47:44+08:00 ] ::1 /tp3/Home/Train/outpack_check.html
INFO: [ app_init ] --START--
INFO: Run Behavior\BuildLiteBehavior [ RunTime:0.000022s ]
INFO: [ app_init ] --END-- [ RunTime:0.000390s ]

[ 2018-03-28T15:47:45+08:00 ] ::1 /tp3/Home/home/index.html
INFO: [ app_init ] --START--
INFO: Run Behavior\BuildLiteBehavior [ RunTime:0.000023s ]
INFO: [ app_init ] --END-- [ RunTime:0.000398s ]
ERR: 参数错误或者未定义:email

[ 2018-03-28T15:51:36+08:00 ] ::1 /tp3/
INFO: [ app_init ] --START--
INFO: Run Behavior\BuildLiteBehavior [ RunTime:0.000152s ]
INFO: [ app_init ] --END-- [ RunTime:0.002481s ]

[ 2018-03-28T15:51:41+08:00 ] ::1 /tp3/Home/sign/SignUp.html
INFO: [ app_init ] --START--
INFO: Run Behavior\BuildLiteBehavior [ RunTime:0.000043s ]
INFO: [ app_init ] --END-- [ RunTime:0.000699s ]

[ 2018-03-28T15:51:41+08:00 ] ::1 /tp3/Home/Home/index/email/2%402.com.html
INFO: [ app_init ] --START--
INFO: Run Behavior\BuildLiteBehavior [ RunTime:0.000036s ]
INFO: [ app_init ] --END-- [ RunTime:0.000504s ]

[ 2018-03-28T15:51:42+08:00 ] ::1 /tp3/Home/train/outpack.html
INFO: [ app_init ] --START--
INFO: Run Behavior\BuildLiteBehavior [ RunTime:0.000034s ]
INFO: [ app_init ] --END-- [ RunTime:0.000525s ]

[ 2018-03-28T15:51:47+08:00 ] ::1 /tp3/Home/Train/outpack_check.html
INFO: [ app_init ] --START--
INFO: Run Behavior\BuildLiteBehavior [ RunTime:0.000023s ]
INFO: [ app_init ] --END-- [ RunTime:0.000374s ]

[ 2018-03-28T15:51:48+08:00 ] ::1 /tp3/Home/train/outpack.html
INFO: [ app_init ] --START--
INFO: Run Behavior\BuildLiteBehavior [ RunTime:0.000023s ]
INFO: [ app_init ] --END-- [ RunTime:0.000413s ]

[ 2018-03-28T15:52:49+08:00 ] ::1 /tp3/Home/Train/outpack_check.html
INFO: [ app_init ] --START--
INFO: Run Behavior\BuildLiteBehavior [ RunTime:0.000036s ]
INFO: [ app_init ] --END-- [ RunTime:0.000637s ]

[ 2018-03-28T15:52:50+08:00 ] ::1 /tp3/Home/Home/index.html
INFO: [ app_init ] --START--
INFO: Run Behavior\BuildLiteBehavior [ RunTime:0.000033s ]
INFO: [ app_init ] --END-- [ RunTime:0.000601s ]
ERR: 参数错误或者未定义:email

[ 2018-03-28T15:53:07+08:00 ] ::1 /tp3/
INFO: [ app_init ] --START--
INFO: Run Behavior\BuildLiteBehavior [ RunTime:0.000037s ]
INFO: [ app_init ] --END-- [ RunTime:0.000622s ]

[ 2018-03-28T15:53:12+08:00 ] ::1 /tp3/Home/sign/SignUp.html
INFO: [ app_init ] --START--
INFO: Run Behavior\BuildLiteBehavior [ RunTime:0.000025s ]
INFO: [ app_init ] --END-- [ RunTime:0.000411s ]

[ 2018-03-28T15:53:12+08:00 ] ::1 /tp3/Home/Home/index/email/2%402.com.html
INFO: [ app_init ] --START--
INFO: Run Behavior\BuildLiteBehavior [ RunTime:0.000025s ]
INFO: [ app_init ] --END-- [ RunTime:0.000387s ]

[ 2018-03-28T15:53:13+08:00 ] ::1 /tp3/Home/train/outpack.html
INFO: [ app_init ] --START--
INFO: Run Behavior\BuildLiteBehavior [ RunTime:0.000028s ]
INFO: [ app_init ] --END-- [ RunTime:0.000426s ]

[ 2018-03-28T15:53:17+08:00 ] ::1 /tp3/Home/Train/outpack_check.html
INFO: [ app_init ] --START--
INFO: Run Behavior\BuildLiteBehavior [ RunTime:0.000022s ]
INFO: [ app_init ] --END-- [ RunTime:0.000382s ]

[ 2018-03-28T15:53:18+08:00 ] ::1 /tp3/Home/Home/index.html
INFO: [ app_init ] --START--
INFO: Run Behavior\BuildLiteBehavior [ RunTime:0.000022s ]
INFO: [ app_init ] --END-- [ RunTime:0.000374s ]
ERR: 参数错误或者未定义:email

[ 2018-03-28T15:53:29+08:00 ] ::1 /tp3/Home/Train/outpack_check.html
INFO: [ app_init ] --START--
INFO: Run Behavior\BuildLiteBehavior [ RunTime:0.000022s ]
INFO: [ app_init ] --END-- [ RunTime:0.000397s ]

[ 2018-03-28T15:53:30+08:00 ] ::1 /tp3/Home/Home/index.html
INFO: [ app_init ] --START--
INFO: Run Behavior\BuildLiteBehavior [ RunTime:0.000021s ]
INFO: [ app_init ] --END-- [ RunTime:0.000364s ]
ERR: 参数错误或者未定义:email

[ 2018-03-28T15:54:13+08:00 ] ::1 /tp3/Home/Train/outpack_check.html
INFO: [ app_init ] --START--
INFO: Run Behavior\BuildLiteBehavior [ RunTime:0.000042s ]
INFO: [ app_init ] --END-- [ RunTime:0.000662s ]

[ 2018-03-28T15:54:15+08:00 ] ::1 /tp3/Home/Home/index/email/1%401.com.html
INFO: [ app_init ] --START--
INFO: Run Behavior\BuildLiteBehavior [ RunTime:0.000034s ]
INFO: [ app_init ] --END-- [ RunTime:0.000455s ]

[ 2018-03-28T15:54:42+08:00 ] ::1 /tp3/
INFO: [ app_init ] --START--
INFO: Run Behavior\BuildLiteBehavior [ RunTime:0.000022s ]
INFO: [ app_init ] --END-- [ RunTime:0.000393s ]

[ 2018-03-28T15:54:47+08:00 ] ::1 /tp3/Home/sign/SignUp.html
INFO: [ app_init ] --START--
INFO: Run Behavior\BuildLiteBehavior [ RunTime:0.000023s ]
INFO: [ app_init ] --END-- [ RunTime:0.000386s ]

[ 2018-03-28T15:54:47+08:00 ] ::1 /tp3/Home/Home/index/email/1%401.com.html
INFO: [ app_init ] --START--
INFO: Run Behavior\BuildLiteBehavior [ RunTime:0.000024s ]
INFO: [ app_init ] --END-- [ RunTime:0.000391s ]

[ 2018-03-28T15:54:54+08:00 ] ::1 /tp3/Home/sign/SignUp.html
INFO: [ app_init ] --START--
INFO: Run Behavior\BuildLiteBehavior [ RunTime:0.000042s ]
INFO: [ app_init ] --END-- [ RunTime:0.001080s ]

[ 2018-03-28T15:54:54+08:00 ] ::1 /tp3/Home/Home/index/email/2%402.com.html
INFO: [ app_init ] --START--
INFO: Run Behavior\BuildLiteBehavior [ RunTime:0.000023s ]
INFO: [ app_init ] --END-- [ RunTime:0.000384s ]

[ 2018-03-28T15:54:55+08:00 ] ::1 /tp3/Home/train/outpack.html
INFO: [ app_init ] --START--
INFO: Run Behavior\BuildLiteBehavior [ RunTime:0.000026s ]
INFO: [ app_init ] --END-- [ RunTime:0.000505s ]

[ 2018-03-28T15:54:59+08:00 ] ::1 /tp3/Home/Train/outpack_check.html
INFO: [ app_init ] --START--
INFO: Run Behavior\BuildLiteBehavior [ RunTime:0.000022s ]
INFO: [ app_init ] --END-- [ RunTime:0.000388s ]

[ 2018-03-28T15:55:00+08:00 ] ::1 /tp3/Home/Home/index/email/1%401.com.html
INFO: [ app_init ] --START--
INFO: Run Behavior\BuildLiteBehavior [ RunTime:0.000035s ]
INFO: [ app_init ] --END-- [ RunTime:0.000550s ]

[ 2018-03-28T15:55:27+08:00 ] ::1 /tp3/Home/Train/outpack_check.html
INFO: [ app_init ] --START--
INFO: Run Behavior\BuildLiteBehavior [ RunTime:0.000025s ]
INFO: [ app_init ] --END-- [ RunTime:0.000434s ]

[ 2018-03-28T15:55:28+08:00 ] ::1 /tp3/Home/Home/index/email/1%401.com.html
INFO: [ app_init ] --START--
INFO: Run Behavior\BuildLiteBehavior [ RunTime:0.000022s ]
INFO: [ app_init ] --END-- [ RunTime:0.000418s ]

[ 2018-03-28T15:56:00+08:00 ] ::1 /tp3/Home/Train/outpack_check.html
INFO: [ app_init ] --START--
INFO: Run Behavior\BuildLiteBehavior [ RunTime:0.000041s ]
INFO: [ app_init ] --END-- [ RunTime:0.000787s ]

[ 2018-03-28T15:56:02+08:00 ] ::1 /tp3/Home/Home/index.html
INFO: [ app_init ] --START--
INFO: Run Behavior\BuildLiteBehavior [ RunTime:0.000020s ]
INFO: [ app_init ] --END-- [ RunTime:0.000357s ]
ERR: 参数错误或者未定义:email

[ 2018-03-28T15:56:10+08:00 ] ::1 /tp3/
INFO: [ app_init ] --START--
INFO: Run Behavior\BuildLiteBehavior [ RunTime:0.000041s ]
INFO: [ app_init ] --END-- [ RunTime:0.000667s ]

[ 2018-03-28T15:56:16+08:00 ] ::1 /tp3/Home/sign/SignUp.html
INFO: [ app_init ] --START--
INFO: Run Behavior\BuildLiteBehavior [ RunTime:0.000046s ]
INFO: [ app_init ] --END-- [ RunTime:0.000626s ]

[ 2018-03-28T15:56:16+08:00 ] ::1 /tp3/Home/Home/index/email/2%402.com.html
INFO: [ app_init ] --START--
INFO: Run Behavior\BuildLiteBehavior [ RunTime:0.000212s ]
INFO: [ app_init ] --END-- [ RunTime:0.003545s ]

[ 2018-03-28T15:56:17+08:00 ] ::1 /tp3/Home/train/outpack.html
INFO: [ app_init ] --START--
INFO: Run Behavior\BuildLiteBehavior [ RunTime:0.000025s ]
INFO: [ app_init ] --END-- [ RunTime:0.000566s ]

[ 2018-03-28T15:56:22+08:00 ] ::1 /tp3/Home/Train/outpack_check.html
INFO: [ app_init ] --START--
INFO: Run Behavior\BuildLiteBehavior [ RunTime:0.000024s ]
INFO: [ app_init ] --END-- [ RunTime:0.000410s ]

[ 2018-03-28T15:56:23+08:00 ] ::1 /tp3/Home/Home/index.html
INFO: [ app_init ] --START--
INFO: Run Behavior\BuildLiteBehavior [ RunTime:0.000021s ]
INFO: [ app_init ] --END-- [ RunTime:0.000376s ]
ERR: 参数错误或者未定义:email

[ 2018-03-28T15:56:57+08:00 ] ::1 /tp3/
INFO: [ app_init ] --START--
INFO: Run Behavior\BuildLiteBehavior [ RunTime:0.000027s ]
INFO: [ app_init ] --END-- [ RunTime:0.000420s ]

[ 2018-03-28T15:57:00+08:00 ] ::1 /tp3/Home/sign/SignUp.html
INFO: [ app_init ] --START--
INFO: Run Behavior\BuildLiteBehavior [ RunTime:0.000042s ]
INFO: [ app_init ] --END-- [ RunTime:0.000640s ]

[ 2018-03-28T15:57:00+08:00 ] ::1 /tp3/Home/Home/index/email/2%402.com.html
INFO: [ app_init ] --START--
INFO: Run Behavior\BuildLiteBehavior [ RunTime:0.000022s ]
INFO: [ app_init ] --END-- [ RunTime:0.000407s ]

[ 2018-03-28T15:57:01+08:00 ] ::1 /tp3/Home/train/outpack.html
INFO: [ app_init ] --START--
INFO: Run Behavior\BuildLiteBehavior [ RunTime:0.000034s ]
INFO: [ app_init ] --END-- [ RunTime:0.000538s ]

[ 2018-03-28T15:57:05+08:00 ] ::1 /tp3/Home/Train/outpack_check.html
INFO: [ app_init ] --START--
INFO: Run Behavior\BuildLiteBehavior [ RunTime:0.000050s ]
INFO: [ app_init ] --END-- [ RunTime:0.000586s ]

[ 2018-03-28T15:57:06+08:00 ] ::1 /tp3/Home/Home/index/email/1%401.com.html
INFO: [ app_init ] --START--
INFO: Run Behavior\BuildLiteBehavior [ RunTime:0.000022s ]
INFO: [ app_init ] --END-- [ RunTime:0.000373s ]

[ 2018-03-28T15:58:59+08:00 ] ::1 /tp3/
INFO: [ app_init ] --START--
INFO: Run Behavior\BuildLiteBehavior [ RunTime:0.000023s ]
INFO: [ app_init ] --END-- [ RunTime:0.000457s ]

[ 2018-03-28T15:59:05+08:00 ] ::1 /tp3/Home/sign/SignUp.html
INFO: [ app_init ] --START--
INFO: Run Behavior\BuildLiteBehavior [ RunTime:0.000040s ]
INFO: [ app_init ] --END-- [ RunTime:0.000699s ]

[ 2018-03-28T15:59:05+08:00 ] ::1 /tp3/Home/Home/index/email/2%402.com.html
INFO: [ app_init ] --START--
INFO: Run Behavior\BuildLiteBehavior [ RunTime:0.000024s ]
INFO: [ app_init ] --END-- [ RunTime:0.000399s ]

[ 2018-03-28T15:59:06+08:00 ] ::1 /tp3/Home/train/outpack.html
INFO: [ app_init ] --START--
INFO: Run Behavior\BuildLiteBehavior [ RunTime:0.000124s ]
INFO: [ app_init ] --END-- [ RunTime:0.001860s ]

[ 2018-03-28T15:59:10+08:00 ] ::1 /tp3/Home/Train/outpack_check.html
INFO: [ app_init ] --START--
INFO: Run Behavior\BuildLiteBehavior [ RunTime:0.000023s ]
INFO: [ app_init ] --END-- [ RunTime:0.000395s ]

[ 2018-03-28T15:59:12+08:00 ] ::1 /tp3/Home/Home/index/email/1%401.com.html
INFO: [ app_init ] --START--
INFO: Run Behavior\BuildLiteBehavior [ RunTime:0.000022s ]
INFO: [ app_init ] --END-- [ RunTime:0.000399s ]

[ 2018-03-28T16:00:30+08:00 ] ::1 /tp3/Home/Train/outpack_check.html
INFO: [ app_init ] --START--
INFO: Run Behavior\BuildLiteBehavior [ RunTime:0.000040s ]
INFO: [ app_init ] --END-- [ RunTime:0.000637s ]

[ 2018-03-28T16:00:31+08:00 ] ::1 /tp3/Home/Home/index/email/1%401.com.html
INFO: [ app_init ] --START--
INFO: Run Behavior\BuildLiteBehavior [ RunTime:0.000028s ]
INFO: [ app_init ] --END-- [ RunTime:0.000409s ]

[ 2018-03-28T16:00:35+08:00 ] ::1 /tp3/Home/Home/index/email/1%401.com.html
INFO: [ app_init ] --START--
INFO: Run Behavior\BuildLiteBehavior [ RunTime:0.000030s ]
INFO: [ app_init ] --END-- [ RunTime:0.000549s ]

[ 2018-03-28T16:00:37+08:00 ] ::1 /tp3/Home/Home/index/email/1%401.com.html
INFO: [ app_init ] --START--
INFO: Run Behavior\BuildLiteBehavior [ RunTime:0.000024s ]
INFO: [ app_init ] --END-- [ RunTime:0.000398s ]

[ 2018-03-28T16:00:40+08:00 ] ::1 /tp3/Home/Home/index/email/1%401.com.html
INFO: [ app_init ] --START--
INFO: Run Behavior\BuildLiteBehavior [ RunTime:0.000020s ]
INFO: [ app_init ] --END-- [ RunTime:0.000375s ]

[ 2018-03-28T16:00:44+08:00 ] ::1 /tp3/Home/Home/index/email/1%401.com.html
INFO: [ app_init ] --START--
INFO: Run Behavior\BuildLiteBehavior [ RunTime:0.000020s ]
INFO: [ app_init ] --END-- [ RunTime:0.000389s ]

[ 2018-03-28T16:01:20+08:00 ] ::1 /tp3/Home/Train/outpack_check.html
INFO: [ app_init ] --START--
INFO: Run Behavior\BuildLiteBehavior [ RunTime:0.000025s ]
INFO: [ app_init ] --END-- [ RunTime:0.000435s ]
ERR: 1064:You have an error in your SQL syntax; check the manual that corresponds to your MySQL server version for the right syntax to use near '@2.com ) LIMIT 1' at line 1
 [ SQL语句 ] : SELECT * FROM `think_user` WHERE ( 2@2.com ) LIMIT 1  

[ 2018-03-28T16:01:45+08:00 ] ::1 /tp3/Home/Train/outpack_check.html
INFO: [ app_init ] --START--
INFO: Run Behavior\BuildLiteBehavior [ RunTime:0.000043s ]
INFO: [ app_init ] --END-- [ RunTime:0.000729s ]

[ 2018-03-28T16:01:46+08:00 ] ::1 /tp3/Home/Home/index.html
INFO: [ app_init ] --START--
INFO: Run Behavior\BuildLiteBehavior [ RunTime:0.000023s ]
INFO: [ app_init ] --END-- [ RunTime:0.000394s ]
ERR: 参数错误或者未定义:email

[ 2018-03-28T16:02:09+08:00 ] ::1 /tp3/Home/Train/outpack_check.html
INFO: [ app_init ] --START--
INFO: Run Behavior\BuildLiteBehavior [ RunTime:0.000021s ]
INFO: [ app_init ] --END-- [ RunTime:0.000382s ]

[ 2018-03-28T16:02:10+08:00 ] ::1 /tp3/Home/Home/index/email/2%402.com.html
INFO: [ app_init ] --START--
INFO: Run Behavior\BuildLiteBehavior [ RunTime:0.000022s ]
INFO: [ app_init ] --END-- [ RunTime:0.000415s ]

[ 2018-03-28T16:02:50+08:00 ] ::1 /tp3/Home/train/outpack.html
INFO: [ app_init ] --START--
INFO: Run Behavior\BuildLiteBehavior [ RunTime:0.000039s ]
INFO: [ app_init ] --END-- [ RunTime:0.000607s ]

[ 2018-03-28T16:02:55+08:00 ] ::1 /tp3/Home/Train/outpack_check.html
INFO: [ app_init ] --START--
INFO: Run Behavior\BuildLiteBehavior [ RunTime:0.000024s ]
INFO: [ app_init ] --END-- [ RunTime:0.000496s ]

[ 2018-03-28T16:02:56+08:00 ] ::1 /tp3/Home/Home/index/email/2%402.com.html
INFO: [ app_init ] --START--
INFO: Run Behavior\BuildLiteBehavior [ RunTime:0.000022s ]
INFO: [ app_init ] --END-- [ RunTime:0.000416s ]

[ 2018-03-28T16:03:15+08:00 ] ::1 /tp3/Home/train/outpack.html
INFO: [ app_init ] --START--
INFO: Run Behavior\BuildLiteBehavior [ RunTime:0.000054s ]
INFO: [ app_init ] --END-- [ RunTime:0.000919s ]

[ 2018-03-28T16:03:19+08:00 ] ::1 /tp3/Home/Train/outpack_check.html
INFO: [ app_init ] --START--
INFO: Run Behavior\BuildLiteBehavior [ RunTime:0.000022s ]
INFO: [ app_init ] --END-- [ RunTime:0.000372s ]
ERR: 1064:You have an error in your SQL syntax; check the manual that corresponds to your MySQL server version for the right syntax to use near '@2.com ) LIMIT 1' at line 1
 [ SQL语句 ] : SELECT * FROM `think_user` WHERE ( 2@2.com ) LIMIT 1  

[ 2018-03-28T16:04:06+08:00 ] ::1 /tp3/Home/Train/outpack_check.html
INFO: [ app_init ] --START--
INFO: Run Behavior\BuildLiteBehavior [ RunTime:0.000040s ]
INFO: [ app_init ] --END-- [ RunTime:0.000655s ]

[ 2018-03-28T16:04:07+08:00 ] ::1 /tp3/Home/Home/index/email/2%402.com.html
INFO: [ app_init ] --START--
INFO: Run Behavior\BuildLiteBehavior [ RunTime:0.000040s ]
INFO: [ app_init ] --END-- [ RunTime:0.000616s ]

[ 2018-03-28T16:04:35+08:00 ] ::1 /tp3/Home/train/outpack.html
INFO: [ app_init ] --START--
INFO: Run Behavior\BuildLiteBehavior [ RunTime:0.000045s ]
INFO: [ app_init ] --END-- [ RunTime:0.000583s ]

[ 2018-03-28T16:04:40+08:00 ] ::1 /tp3/Home/Train/outpack_check.html
INFO: [ app_init ] --START--
INFO: Run Behavior\BuildLiteBehavior [ RunTime:0.000024s ]
INFO: [ app_init ] --END-- [ RunTime:0.001043s ]

[ 2018-03-28T16:04:41+08:00 ] ::1 /tp3/Home/Home/index/email/2%402.com.html
INFO: [ app_init ] --START--
INFO: Run Behavior\BuildLiteBehavior [ RunTime:0.000034s ]
INFO: [ app_init ] --END-- [ RunTime:0.000512s ]

[ 2018-03-28T16:07:13+08:00 ] ::1 /tp3/Home/Home/index/email/2%402.com.html
INFO: [ app_init ] --START--
INFO: Run Behavior\BuildLiteBehavior [ RunTime:0.000023s ]
INFO: [ app_init ] --END-- [ RunTime:0.000421s ]

[ 2018-03-28T16:09:56+08:00 ] ::1 /tp3/Home/Home/index/email/2%402.com.html
INFO: [ app_init ] --START--
INFO: Run Behavior\BuildLiteBehavior [ RunTime:0.000027s ]
INFO: [ app_init ] --END-- [ RunTime:0.000512s ]

