[ 2018-03-26T19:18:13+08:00 ] ::1 /tp3/js/bootstrap.min.js
INFO: [ app_init ] --START--
INFO: Run Behavior\BuildLiteBehavior [ RunTime:0.000046s ]
INFO: [ app_init ] --END-- [ RunTime:0.000656s ]
ERR: 无法加载模块:Js



[ 2018-03-26T19:18:13+08:00 ] ::1 /tp3/js/bootstrap.min.js
INFO: [ app_init ] --START--
INFO: Run Behavior\BuildLiteBehavior [ RunTime:0.000042s ]
INFO: [ app_init ] --END-- [ RunTime:0.000671s ]
ERR: 无法加载模块:Js

[ 2018-03-26T19:37:47+08:00 ] ::1 /tp3/CSS/index.css
INFO: [ app_init ] --START--
INFO: Run Behavior\BuildLiteBehavior [ RunTime:0.000038s ]
INFO: [ app_init ] --END-- [ RunTime:0.000603s ]
ERR: 无法加载模块:CSS

[ 2018-03-26T19:37:47+08:00 ] ::1 /tp3/CSS/index.css
INFO: [ app_init ] --START--
INFO: Run Behavior\BuildLiteBehavior [ RunTime:0.000053s ]
INFO: [ app_init ] --END-- [ RunTime:0.000986s ]
ERR: 无法加载模块:CSS

[ 2018-03-26T19:38:58+08:00 ] ::1 /tp3/CSS/index.css
INFO: [ app_init ] --START--
INFO: Run Behavior\BuildLiteBehavior [ RunTime:0.000038s ]
INFO: [ app_init ] --END-- [ RunTime:0.000619s ]
ERR: 无法加载模块:CSS

[ 2018-03-26T19:38:58+08:00 ] ::1 /tp3/CSS/index.css
INFO: [ app_init ] --START--
INFO: Run Behavior\BuildLiteBehavior [ RunTime:0.000022s ]
INFO: [ app_init ] --END-- [ RunTime:0.000361s ]
ERR: 无法加载模块:CSS

[ 2018-03-26T19:39:00+08:00 ] ::1 /tp3/CSS/index.css
INFO: [ app_init ] --START--
INFO: Run Behavior\BuildLiteBehavior [ RunTime:0.000039s ]
INFO: [ app_init ] --END-- [ RunTime:0.000686s ]
ERR: 无法加载模块:CSS

[ 2018-03-26T19:41:20+08:00 ] ::1 /tp3/index.css
INFO: [ app_init ] --START--
INFO: Run Behavior\BuildLiteBehavior [ RunTime:0.000043s ]
INFO: [ app_init ] --END-- [ RunTime:0.000701s ]
ERR: 无法加载模块:Index

[ 2018-03-26T19:45:24+08:00 ] ::1 /tp3/__Public__/index.css
INFO: [ app_init ] --START--
INFO: Run Behavior\BuildLiteBehavior [ RunTime:0.000040s ]
INFO: [ app_init ] --END-- [ RunTime:0.000802s ]
ERR: 无法加载模块:__Public__

[ 2018-03-26T19:45:24+08:00 ] ::1 /tp3/__Public__/index.css
INFO: [ app_init ] --START--
INFO: Run Behavior\BuildLiteBehavior [ RunTime:0.000046s ]
INFO: [ app_init ] --END-- [ RunTime:0.000815s ]
ERR: 无法加载模块:__Public__

[ 2018-03-26T19:46:24+08:00 ] ::1 /tp3/__Public__/css/index.css
INFO: [ app_init ] --START--
INFO: Run Behavior\BuildLiteBehavior [ RunTime:0.000042s ]
INFO: [ app_init ] --END-- [ RunTime:0.000777s ]
ERR: 无法加载模块:__Public__

[ 2018-03-26T19:46:24+08:00 ] ::1 /tp3/__Public__/css/index.css
INFO: [ app_init ] --START--
INFO: Run Behavior\BuildLiteBehavior [ RunTime:0.000054s ]
INFO: [ app_init ] --END-- [ RunTime:0.000839s ]
ERR: 无法加载模块:__Public__

[ 2018-03-26T19:47:04+08:00 ] ::1 /tp3/__Public__/css/index.css
INFO: [ app_init ] --START--
INFO: Run Behavior\BuildLiteBehavior [ RunTime:0.000041s ]
INFO: [ app_init ] --END-- [ RunTime:0.000244s ]
ERR: 无法加载模块:__Public__

[ 2018-03-26T19:47:04+08:00 ] ::1 /tp3/__Public__/css/index.css
INFO: [ app_init ] --START--
INFO: Run Behavior\BuildLiteBehavior [ RunTime:0.000026s ]
INFO: [ app_init ] --END-- [ RunTime:0.000144s ]
ERR: 无法加载模块:__Public__

[ 2018-03-26T19:48:19+08:00 ] ::1 /tp3/__CSS__/index.css
INFO: [ app_init ] --START--
INFO: Run Behavior\BuildLiteBehavior [ RunTime:0.000056s ]
INFO: [ app_init ] --END-- [ RunTime:0.000809s ]
ERR: 无法加载模块:__CSS__

[ 2018-03-26T19:48:19+08:00 ] ::1 /tp3/__CSS__/index.css
INFO: [ app_init ] --START--
INFO: Run Behavior\BuildLiteBehavior [ RunTime:0.000045s ]
INFO: [ app_init ] --END-- [ RunTime:0.001138s ]
ERR: 无法加载模块:__CSS__

[ 2018-03-26T19:49:30+08:00 ] ::1 /tp3/__CSS__/index.css
INFO: [ app_init ] --START--
INFO: Run Behavior\BuildLiteBehavior [ RunTime:0.000042s ]
INFO: [ app_init ] --END-- [ RunTime:0.000757s ]
ERR: 无法加载模块:__CSS__

[ 2018-03-26T19:49:30+08:00 ] ::1 /tp3/__CSS__/index.css
INFO: [ app_init ] --START--
INFO: Run Behavior\BuildLiteBehavior [ RunTime:0.000040s ]
INFO: [ app_init ] --END-- [ RunTime:0.000467s ]
ERR: 无法加载模块:__CSS__

